2025-06-16 18:57:11,611 - INFO - Model architecture: RegressionNN(
  (model): Sequential(
    (0): Linear(in_features=3, out_features=32, bias=True)
    (1): ReLU()
    (2): Linear(in_features=32, out_features=128, bias=True)
    (3): ReLU()
    (4): Linear(in_features=128, out_features=128, bias=True)
    (5): ReLU()
    (6): Linear(in_features=128, out_features=64, bias=True)
    (7): ReLU()
    (8): Linear(in_features=64, out_features=19, bias=True)
  )
)
2025-06-16 18:57:11,928 - INFO - Epoch [1/1000] LR: 0.010000 | Train Loss: 0.9810 | Val Loss: 1.0193
2025-06-16 18:57:11,947 - INFO - Epoch [2/1000] LR: 0.010000 | Train Loss: 0.9598 | Val Loss: 1.0105
2025-06-16 18:57:11,955 - INFO - Epoch [3/1000] LR: 0.010000 | Train Loss: 0.9447 | Val Loss: 1.0152
2025-06-16 18:57:12,064 - INFO - Epoch [4/1000] LR: 0.010000 | Train Loss: 0.9433 | Val Loss: 1.0123
2025-06-16 18:57:12,105 - INFO - Epoch [5/1000] LR: 0.010000 | Train Loss: 0.9233 | Val Loss: 1.0105
2025-06-16 18:57:12,127 - INFO - Epoch [6/1000] LR: 0.010000 | Train Loss: 0.9113 | Val Loss: 1.0030
2025-06-16 18:57:12,130 - INFO - Epoch [7/1000] LR: 0.010000 | Train Loss: 0.9040 | Val Loss: 1.0067
2025-06-16 18:57:12,132 - INFO - Epoch [8/1000] LR: 0.010000 | Train Loss: 0.8863 | Val Loss: 1.0248
2025-06-16 18:57:12,134 - INFO - Epoch [9/1000] LR: 0.010000 | Train Loss: 0.8924 | Val Loss: 1.0291
2025-06-16 18:57:12,136 - INFO - Epoch [10/1000] LR: 0.010000 | Train Loss: 0.8672 | Val Loss: 1.0265
2025-06-16 18:57:12,138 - INFO - Epoch [11/1000] LR: 0.010000 | Train Loss: 0.8737 | Val Loss: 1.0392
2025-06-16 18:57:12,140 - INFO - Epoch [12/1000] LR: 0.010000 | Train Loss: 0.8745 | Val Loss: 1.0319
2025-06-16 18:57:12,144 - INFO - Epoch [13/1000] LR: 0.010000 | Train Loss: 0.8478 | Val Loss: 1.0230
2025-06-16 18:57:12,145 - INFO - Epoch [14/1000] LR: 0.010000 | Train Loss: 0.8474 | Val Loss: 1.0441
2025-06-16 18:57:12,147 - INFO - Epoch [15/1000] LR: 0.010000 | Train Loss: 0.8442 | Val Loss: 1.0476
2025-06-16 18:57:12,149 - INFO - Epoch [16/1000] LR: 0.010000 | Train Loss: 0.8208 | Val Loss: 1.0306
2025-06-16 18:57:12,151 - INFO - Epoch [17/1000] LR: 0.010000 | Train Loss: 0.8124 | Val Loss: 1.0437
2025-06-16 18:57:12,153 - INFO - Epoch [18/1000] LR: 0.010000 | Train Loss: 0.8083 | Val Loss: 1.0626
2025-06-16 18:57:12,155 - INFO - Epoch [19/1000] LR: 0.010000 | Train Loss: 0.8140 | Val Loss: 1.0608
2025-06-16 18:57:12,157 - INFO - Epoch [20/1000] LR: 0.010000 | Train Loss: 0.7908 | Val Loss: 1.0710
2025-06-16 18:57:12,160 - INFO - Epoch [21/1000] LR: 0.010000 | Train Loss: 0.7934 | Val Loss: 1.0771
2025-06-16 18:57:12,161 - INFO - Epoch [22/1000] LR: 0.010000 | Train Loss: 0.7683 | Val Loss: 1.0941
2025-06-16 18:57:12,164 - INFO - Epoch [23/1000] LR: 0.010000 | Train Loss: 0.7799 | Val Loss: 1.0914
2025-06-16 18:57:12,166 - INFO - Epoch [24/1000] LR: 0.010000 | Train Loss: 0.7485 | Val Loss: 1.0946
2025-06-16 18:57:12,167 - INFO - Epoch [25/1000] LR: 0.010000 | Train Loss: 0.7481 | Val Loss: 1.1070
2025-06-16 18:57:12,170 - INFO - Epoch [26/1000] LR: 0.010000 | Train Loss: 0.7365 | Val Loss: 1.0956
2025-06-16 18:57:12,171 - INFO - Epoch [27/1000] LR: 0.010000 | Train Loss: 0.7176 | Val Loss: 1.1171
2025-06-16 18:57:12,173 - INFO - Epoch [28/1000] LR: 0.010000 | Train Loss: 0.7093 | Val Loss: 1.1675
2025-06-16 18:57:12,175 - INFO - Epoch [29/1000] LR: 0.010000 | Train Loss: 0.7085 | Val Loss: 1.1501
2025-06-16 18:57:12,177 - INFO - Epoch [30/1000] LR: 0.010000 | Train Loss: 0.7028 | Val Loss: 1.1542
2025-06-16 18:57:12,179 - INFO - Epoch [31/1000] LR: 0.010000 | Train Loss: 0.6923 | Val Loss: 1.1658
2025-06-16 18:57:12,181 - INFO - Epoch [32/1000] LR: 0.010000 | Train Loss: 0.6991 | Val Loss: 1.1738
2025-06-16 18:57:12,182 - INFO - Epoch [33/1000] LR: 0.010000 | Train Loss: 0.6746 | Val Loss: 1.1807
2025-06-16 18:57:12,186 - INFO - Epoch [34/1000] LR: 0.010000 | Train Loss: 0.6651 | Val Loss: 1.2118
2025-06-16 18:57:12,187 - INFO - Epoch [35/1000] LR: 0.010000 | Train Loss: 0.6616 | Val Loss: 1.2090
2025-06-16 18:57:12,189 - INFO - Epoch [36/1000] LR: 0.010000 | Train Loss: 0.6469 | Val Loss: 1.2021
2025-06-16 18:57:12,191 - INFO - Epoch [37/1000] LR: 0.010000 | Train Loss: 0.6484 | Val Loss: 1.2198
2025-06-16 18:57:12,193 - INFO - Epoch [38/1000] LR: 0.010000 | Train Loss: 0.6308 | Val Loss: 1.2363
2025-06-16 18:57:12,195 - INFO - Epoch [39/1000] LR: 0.010000 | Train Loss: 0.6229 | Val Loss: 1.2509
2025-06-16 18:57:12,197 - INFO - Epoch [40/1000] LR: 0.010000 | Train Loss: 0.6064 | Val Loss: 1.2555
2025-06-16 18:57:12,198 - INFO - Epoch [41/1000] LR: 0.010000 | Train Loss: 0.6081 | Val Loss: 1.2779
2025-06-16 18:57:12,200 - INFO - Epoch [42/1000] LR: 0.010000 | Train Loss: 0.5978 | Val Loss: 1.2356
2025-06-16 18:57:12,202 - INFO - Epoch [43/1000] LR: 0.010000 | Train Loss: 0.5965 | Val Loss: 1.3088
2025-06-16 18:57:12,204 - INFO - Epoch [44/1000] LR: 0.010000 | Train Loss: 0.5936 | Val Loss: 1.2918
2025-06-16 18:57:12,205 - INFO - Epoch [45/1000] LR: 0.010000 | Train Loss: 0.6007 | Val Loss: 1.2823
2025-06-16 18:57:12,207 - INFO - Epoch [46/1000] LR: 0.010000 | Train Loss: 0.5742 | Val Loss: 1.3361
2025-06-16 18:57:12,209 - INFO - Epoch [47/1000] LR: 0.010000 | Train Loss: 0.5808 | Val Loss: 1.3148
2025-06-16 18:57:12,211 - INFO - Epoch [48/1000] LR: 0.010000 | Train Loss: 0.5600 | Val Loss: 1.3125
2025-06-16 18:57:12,214 - INFO - Epoch [49/1000] LR: 0.010000 | Train Loss: 0.5520 | Val Loss: 1.3244
2025-06-16 18:57:12,216 - INFO - Epoch [50/1000] LR: 0.010000 | Train Loss: 0.5453 | Val Loss: 1.3320
2025-06-16 18:57:12,217 - INFO - Epoch [51/1000] LR: 0.010000 | Train Loss: 0.5251 | Val Loss: 1.3824
2025-06-16 18:57:12,220 - INFO - Epoch [52/1000] LR: 0.010000 | Train Loss: 0.5473 | Val Loss: 1.3829
2025-06-16 18:57:12,222 - INFO - Epoch [53/1000] LR: 0.010000 | Train Loss: 0.5298 | Val Loss: 1.3302
2025-06-16 18:57:12,224 - INFO - Epoch [54/1000] LR: 0.010000 | Train Loss: 0.5233 | Val Loss: 1.3774
2025-06-16 18:57:12,226 - INFO - Epoch [55/1000] LR: 0.010000 | Train Loss: 0.5205 | Val Loss: 1.4180
2025-06-16 18:57:12,228 - INFO - Epoch [56/1000] LR: 0.010000 | Train Loss: 0.5018 | Val Loss: 1.3458
2025-06-16 18:57:12,230 - INFO - Epoch [57/1000] LR: 0.010000 | Train Loss: 0.4979 | Val Loss: 1.3645
2025-06-16 18:57:12,232 - INFO - Epoch [58/1000] LR: 0.010000 | Train Loss: 0.4894 | Val Loss: 1.3967
2025-06-16 18:57:12,234 - INFO - Epoch [59/1000] LR: 0.010000 | Train Loss: 0.4734 | Val Loss: 1.4073
2025-06-16 18:57:12,236 - INFO - Epoch [60/1000] LR: 0.010000 | Train Loss: 0.4711 | Val Loss: 1.4187
2025-06-16 18:57:12,238 - INFO - Epoch [61/1000] LR: 0.010000 | Train Loss: 0.4684 | Val Loss: 1.3873
2025-06-16 18:57:12,240 - INFO - Epoch [62/1000] LR: 0.010000 | Train Loss: 0.4537 | Val Loss: 1.4710
2025-06-16 18:57:12,242 - INFO - Epoch [63/1000] LR: 0.010000 | Train Loss: 0.4454 | Val Loss: 1.4521
2025-06-16 18:57:12,244 - INFO - Epoch [64/1000] LR: 0.010000 | Train Loss: 0.4414 | Val Loss: 1.4000
2025-06-16 18:57:12,245 - INFO - Epoch [65/1000] LR: 0.010000 | Train Loss: 0.4277 | Val Loss: 1.4363
2025-06-16 18:57:12,247 - INFO - Epoch [66/1000] LR: 0.010000 | Train Loss: 0.4243 | Val Loss: 1.4534
2025-06-16 18:57:12,249 - INFO - Epoch [67/1000] LR: 0.010000 | Train Loss: 0.4049 | Val Loss: 1.4684
2025-06-16 18:57:12,251 - INFO - Epoch [68/1000] LR: 0.010000 | Train Loss: 0.4035 | Val Loss: 1.5203
2025-06-16 18:57:12,252 - INFO - Epoch [69/1000] LR: 0.010000 | Train Loss: 0.3954 | Val Loss: 1.4664
2025-06-16 18:57:12,254 - INFO - Epoch [70/1000] LR: 0.010000 | Train Loss: 0.3929 | Val Loss: 1.4761
2025-06-16 18:57:12,256 - INFO - Epoch [71/1000] LR: 0.010000 | Train Loss: 0.3978 | Val Loss: 1.5078
2025-06-16 18:57:12,258 - INFO - Epoch [72/1000] LR: 0.010000 | Train Loss: 0.3858 | Val Loss: 1.4623
2025-06-16 18:57:12,259 - INFO - Epoch [73/1000] LR: 0.010000 | Train Loss: 0.3899 | Val Loss: 1.5053
2025-06-16 18:57:12,261 - INFO - Epoch [74/1000] LR: 0.010000 | Train Loss: 0.3806 | Val Loss: 1.5686
2025-06-16 18:57:12,263 - INFO - Epoch [75/1000] LR: 0.010000 | Train Loss: 0.3791 | Val Loss: 1.5032
2025-06-16 18:57:12,265 - INFO - Epoch [76/1000] LR: 0.010000 | Train Loss: 0.3785 | Val Loss: 1.5238
2025-06-16 18:57:12,267 - INFO - Epoch [77/1000] LR: 0.010000 | Train Loss: 0.3894 | Val Loss: 1.5154
2025-06-16 18:57:12,269 - INFO - Epoch [78/1000] LR: 0.010000 | Train Loss: 0.3723 | Val Loss: 1.5150
2025-06-16 18:57:12,271 - INFO - Epoch [79/1000] LR: 0.010000 | Train Loss: 0.3561 | Val Loss: 1.5416
2025-06-16 18:57:12,273 - INFO - Epoch [80/1000] LR: 0.010000 | Train Loss: 0.3654 | Val Loss: 1.5507
2025-06-16 18:57:12,290 - INFO - Epoch [81/1000] LR: 0.010000 | Train Loss: 0.3629 | Val Loss: 1.5473
2025-06-16 18:57:12,292 - INFO - Epoch [82/1000] LR: 0.010000 | Train Loss: 0.3652 | Val Loss: 1.5260
2025-06-16 18:57:12,294 - INFO - Epoch [83/1000] LR: 0.010000 | Train Loss: 0.3517 | Val Loss: 1.5243
2025-06-16 18:57:12,302 - INFO - Epoch [84/1000] LR: 0.010000 | Train Loss: 0.3427 | Val Loss: 1.5646
2025-06-16 18:57:12,306 - INFO - Epoch [85/1000] LR: 0.010000 | Train Loss: 0.3366 | Val Loss: 1.5325
2025-06-16 18:57:12,312 - INFO - Epoch [86/1000] LR: 0.010000 | Train Loss: 0.3256 | Val Loss: 1.6055
2025-06-16 18:57:12,314 - INFO - Epoch [87/1000] LR: 0.010000 | Train Loss: 0.3268 | Val Loss: 1.6127
2025-06-16 18:57:12,315 - INFO - Epoch [88/1000] LR: 0.010000 | Train Loss: 0.3165 | Val Loss: 1.5974
2025-06-16 18:57:12,317 - INFO - Epoch [89/1000] LR: 0.010000 | Train Loss: 0.2975 | Val Loss: 1.5708
2025-06-16 18:57:12,319 - INFO - Epoch [90/1000] LR: 0.010000 | Train Loss: 0.2995 | Val Loss: 1.6139
2025-06-16 18:57:12,321 - INFO - Epoch [91/1000] LR: 0.010000 | Train Loss: 0.2930 | Val Loss: 1.6574
2025-06-16 18:57:12,323 - INFO - Epoch [92/1000] LR: 0.010000 | Train Loss: 0.2995 | Val Loss: 1.5776
2025-06-16 18:57:12,324 - INFO - Epoch [93/1000] LR: 0.010000 | Train Loss: 0.2908 | Val Loss: 1.5701
2025-06-16 18:57:12,326 - INFO - Epoch [94/1000] LR: 0.010000 | Train Loss: 0.2733 | Val Loss: 1.6478
2025-06-16 18:57:12,328 - INFO - Epoch [95/1000] LR: 0.010000 | Train Loss: 0.2847 | Val Loss: 1.6427
2025-06-16 18:57:12,330 - INFO - Epoch [96/1000] LR: 0.010000 | Train Loss: 0.2799 | Val Loss: 1.6392
2025-06-16 18:57:12,331 - INFO - Epoch [97/1000] LR: 0.010000 | Train Loss: 0.2703 | Val Loss: 1.6444
2025-06-16 18:57:12,333 - INFO - Epoch [98/1000] LR: 0.010000 | Train Loss: 0.2767 | Val Loss: 1.6209
2025-06-16 18:57:12,335 - INFO - Epoch [99/1000] LR: 0.010000 | Train Loss: 0.2569 | Val Loss: 1.6505
2025-06-16 18:57:12,337 - INFO - Epoch [100/1000] LR: 0.010000 | Train Loss: 0.2583 | Val Loss: 1.6336
2025-06-16 18:57:12,339 - INFO - Epoch [101/1000] LR: 0.010000 | Train Loss: 0.2635 | Val Loss: 1.7185
2025-06-16 18:57:12,340 - INFO - Epoch [102/1000] LR: 0.010000 | Train Loss: 0.2810 | Val Loss: 1.6478
2025-06-16 18:57:12,342 - INFO - Epoch [103/1000] LR: 0.010000 | Train Loss: 0.2751 | Val Loss: 1.7114
2025-06-16 18:57:12,344 - INFO - Epoch [104/1000] LR: 0.010000 | Train Loss: 0.2695 | Val Loss: 1.6444
2025-06-16 18:57:12,346 - INFO - Epoch [105/1000] LR: 0.010000 | Train Loss: 0.2825 | Val Loss: 1.6664
2025-06-16 18:57:12,347 - INFO - Epoch [106/1000] LR: 0.010000 | Train Loss: 0.2635 | Val Loss: 1.6892
2025-06-16 18:57:12,349 - INFO - Epoch [107/1000] LR: 0.010000 | Train Loss: 0.2809 | Val Loss: 1.6581
2025-06-16 18:57:12,351 - INFO - Epoch [108/1000] LR: 0.010000 | Train Loss: 0.2646 | Val Loss: 1.6566
2025-06-16 18:57:12,353 - INFO - Epoch [109/1000] LR: 0.010000 | Train Loss: 0.2523 | Val Loss: 1.7123
2025-06-16 18:57:12,355 - INFO - Epoch [110/1000] LR: 0.010000 | Train Loss: 0.2645 | Val Loss: 1.6770
2025-06-16 18:57:12,356 - INFO - Epoch [111/1000] LR: 0.010000 | Train Loss: 0.2558 | Val Loss: 1.6879
2025-06-16 18:57:12,358 - INFO - Epoch [112/1000] LR: 0.010000 | Train Loss: 0.2543 | Val Loss: 1.6691
2025-06-16 18:57:12,360 - INFO - Epoch [113/1000] LR: 0.010000 | Train Loss: 0.2596 | Val Loss: 1.6460
2025-06-16 18:57:12,362 - INFO - Epoch [114/1000] LR: 0.010000 | Train Loss: 0.2675 | Val Loss: 1.6805
2025-06-16 18:57:12,364 - INFO - Epoch [115/1000] LR: 0.010000 | Train Loss: 0.2577 | Val Loss: 1.6677
2025-06-16 18:57:12,366 - INFO - Epoch [116/1000] LR: 0.010000 | Train Loss: 0.2431 | Val Loss: 1.6671
2025-06-16 18:57:12,368 - INFO - Epoch [117/1000] LR: 0.010000 | Train Loss: 0.2441 | Val Loss: 1.7121
2025-06-16 18:57:12,370 - INFO - Epoch [118/1000] LR: 0.010000 | Train Loss: 0.2474 | Val Loss: 1.6589
2025-06-16 18:57:12,371 - INFO - Epoch [119/1000] LR: 0.010000 | Train Loss: 0.2388 | Val Loss: 1.7220
2025-06-16 18:57:12,373 - INFO - Epoch [120/1000] LR: 0.010000 | Train Loss: 0.2333 | Val Loss: 1.6841
2025-06-16 18:57:12,375 - INFO - Epoch [121/1000] LR: 0.010000 | Train Loss: 0.2219 | Val Loss: 1.7110
2025-06-16 18:57:12,377 - INFO - Epoch [122/1000] LR: 0.010000 | Train Loss: 0.2223 | Val Loss: 1.7098
2025-06-16 18:57:12,379 - INFO - Epoch [123/1000] LR: 0.010000 | Train Loss: 0.2244 | Val Loss: 1.7108
2025-06-16 18:57:12,381 - INFO - Epoch [124/1000] LR: 0.010000 | Train Loss: 0.2164 | Val Loss: 1.7444
2025-06-16 18:57:12,383 - INFO - Epoch [125/1000] LR: 0.010000 | Train Loss: 0.2137 | Val Loss: 1.6899
2025-06-16 18:57:12,386 - INFO - Epoch [126/1000] LR: 0.010000 | Train Loss: 0.2207 | Val Loss: 1.7426
2025-06-16 18:57:12,388 - INFO - Epoch [127/1000] LR: 0.010000 | Train Loss: 0.2258 | Val Loss: 1.6655
2025-06-16 18:57:12,390 - INFO - Epoch [128/1000] LR: 0.010000 | Train Loss: 0.2096 | Val Loss: 1.7324
2025-06-16 18:57:12,392 - INFO - Epoch [129/1000] LR: 0.010000 | Train Loss: 0.2108 | Val Loss: 1.7486
2025-06-16 18:57:12,393 - INFO - Epoch [130/1000] LR: 0.010000 | Train Loss: 0.2041 | Val Loss: 1.7795
2025-06-16 18:57:12,395 - INFO - Epoch [131/1000] LR: 0.010000 | Train Loss: 0.2045 | Val Loss: 1.6951
2025-06-16 18:57:12,397 - INFO - Epoch [132/1000] LR: 0.010000 | Train Loss: 0.2140 | Val Loss: 1.6971
2025-06-16 18:57:12,400 - INFO - Epoch [133/1000] LR: 0.010000 | Train Loss: 0.2055 | Val Loss: 1.6991
2025-06-16 18:57:12,402 - INFO - Epoch [134/1000] LR: 0.010000 | Train Loss: 0.2019 | Val Loss: 1.7458
2025-06-16 18:57:12,404 - INFO - Epoch [135/1000] LR: 0.010000 | Train Loss: 0.1945 | Val Loss: 1.7417
2025-06-16 18:57:12,406 - INFO - Epoch [136/1000] LR: 0.010000 | Train Loss: 0.1960 | Val Loss: 1.7105
2025-06-16 18:57:12,408 - INFO - Epoch [137/1000] LR: 0.010000 | Train Loss: 0.1934 | Val Loss: 1.7278
2025-06-16 18:57:12,410 - INFO - Epoch [138/1000] LR: 0.010000 | Train Loss: 0.1949 | Val Loss: 1.7319
2025-06-16 18:57:12,412 - INFO - Epoch [139/1000] LR: 0.010000 | Train Loss: 0.1903 | Val Loss: 1.7618
2025-06-16 18:57:12,414 - INFO - Epoch [140/1000] LR: 0.010000 | Train Loss: 0.1803 | Val Loss: 1.7584
2025-06-16 18:57:12,416 - INFO - Epoch [141/1000] LR: 0.010000 | Train Loss: 0.1871 | Val Loss: 1.7383
2025-06-16 18:57:12,418 - INFO - Epoch [142/1000] LR: 0.010000 | Train Loss: 0.1912 | Val Loss: 1.7185
2025-06-16 18:57:12,420 - INFO - Epoch [143/1000] LR: 0.010000 | Train Loss: 0.1861 | Val Loss: 1.7322
2025-06-16 18:57:12,422 - INFO - Epoch [144/1000] LR: 0.010000 | Train Loss: 0.1789 | Val Loss: 1.7226
2025-06-16 18:57:12,424 - INFO - Epoch [145/1000] LR: 0.010000 | Train Loss: 0.1825 | Val Loss: 1.7657
2025-06-16 18:57:12,425 - INFO - Epoch [146/1000] LR: 0.010000 | Train Loss: 0.1757 | Val Loss: 1.7566
2025-06-16 18:57:12,428 - INFO - Epoch [147/1000] LR: 0.010000 | Train Loss: 0.1697 | Val Loss: 1.7843
2025-06-16 18:57:12,430 - INFO - Epoch [148/1000] LR: 0.010000 | Train Loss: 0.1668 | Val Loss: 1.7636
2025-06-16 18:57:12,432 - INFO - Epoch [149/1000] LR: 0.010000 | Train Loss: 0.1652 | Val Loss: 1.7399
2025-06-16 18:57:12,433 - INFO - Epoch [150/1000] LR: 0.010000 | Train Loss: 0.1722 | Val Loss: 1.7932
2025-06-16 18:57:12,435 - INFO - Epoch [151/1000] LR: 0.010000 | Train Loss: 0.1645 | Val Loss: 1.7789
2025-06-16 18:57:12,437 - INFO - Epoch [152/1000] LR: 0.010000 | Train Loss: 0.1615 | Val Loss: 1.7624
2025-06-16 18:57:12,439 - INFO - Epoch [153/1000] LR: 0.010000 | Train Loss: 0.1554 | Val Loss: 1.7807
2025-06-16 18:57:12,441 - INFO - Epoch [154/1000] LR: 0.010000 | Train Loss: 0.1659 | Val Loss: 1.7397
2025-06-16 18:57:12,443 - INFO - Epoch [155/1000] LR: 0.010000 | Train Loss: 0.1699 | Val Loss: 1.8020
2025-06-16 18:57:12,453 - INFO - Epoch [156/1000] LR: 0.010000 | Train Loss: 0.1681 | Val Loss: 1.7759
2025-06-16 18:57:12,456 - INFO - Epoch [157/1000] LR: 0.010000 | Train Loss: 0.1692 | Val Loss: 1.7326
2025-06-16 18:57:12,458 - INFO - Epoch [158/1000] LR: 0.010000 | Train Loss: 0.1857 | Val Loss: 1.7521
2025-06-16 18:57:12,460 - INFO - Epoch [159/1000] LR: 0.010000 | Train Loss: 0.2097 | Val Loss: 1.7545
2025-06-16 18:57:12,462 - INFO - Epoch [160/1000] LR: 0.010000 | Train Loss: 0.2105 | Val Loss: 1.7430
2025-06-16 18:57:12,468 - INFO - Epoch [161/1000] LR: 0.010000 | Train Loss: 0.1886 | Val Loss: 1.7494
2025-06-16 18:57:12,470 - INFO - Epoch [162/1000] LR: 0.010000 | Train Loss: 0.1845 | Val Loss: 1.7334
2025-06-16 18:57:12,473 - INFO - Epoch [163/1000] LR: 0.010000 | Train Loss: 0.1756 | Val Loss: 1.7574
2025-06-16 18:57:12,479 - INFO - Epoch [164/1000] LR: 0.010000 | Train Loss: 0.1732 | Val Loss: 1.7365
2025-06-16 18:57:12,484 - INFO - Epoch [165/1000] LR: 0.010000 | Train Loss: 0.1718 | Val Loss: 1.7370
2025-06-16 18:57:12,485 - INFO - Epoch [166/1000] LR: 0.010000 | Train Loss: 0.1663 | Val Loss: 1.7652
2025-06-16 18:57:12,487 - INFO - Epoch [167/1000] LR: 0.010000 | Train Loss: 0.1600 | Val Loss: 1.7458
2025-06-16 18:57:12,489 - INFO - Epoch [168/1000] LR: 0.010000 | Train Loss: 0.1656 | Val Loss: 1.7496
2025-06-16 18:57:12,492 - INFO - Epoch [169/1000] LR: 0.010000 | Train Loss: 0.1684 | Val Loss: 1.7379
2025-06-16 18:57:12,494 - INFO - Epoch [170/1000] LR: 0.010000 | Train Loss: 0.1733 | Val Loss: 1.7611
2025-06-16 18:57:12,495 - INFO - Epoch [171/1000] LR: 0.010000 | Train Loss: 0.1637 | Val Loss: 1.7659
2025-06-16 18:57:12,497 - INFO - Epoch [172/1000] LR: 0.010000 | Train Loss: 0.1680 | Val Loss: 1.7628
2025-06-16 18:57:12,499 - INFO - Epoch [173/1000] LR: 0.010000 | Train Loss: 0.1588 | Val Loss: 1.7520
2025-06-16 18:57:12,501 - INFO - Epoch [174/1000] LR: 0.010000 | Train Loss: 0.1589 | Val Loss: 1.7331
2025-06-16 18:57:12,503 - INFO - Epoch [175/1000] LR: 0.010000 | Train Loss: 0.1687 | Val Loss: 1.8030
2025-06-16 18:57:12,504 - INFO - Epoch [176/1000] LR: 0.010000 | Train Loss: 0.1450 | Val Loss: 1.8225
2025-06-16 18:57:12,506 - INFO - Epoch [177/1000] LR: 0.010000 | Train Loss: 0.1473 | Val Loss: 1.7712
2025-06-16 18:57:12,508 - INFO - Epoch [178/1000] LR: 0.010000 | Train Loss: 0.1396 | Val Loss: 1.7938
2025-06-16 18:57:12,510 - INFO - Epoch [179/1000] LR: 0.010000 | Train Loss: 0.1364 | Val Loss: 1.7965
2025-06-16 18:57:12,512 - INFO - Epoch [180/1000] LR: 0.010000 | Train Loss: 0.1343 | Val Loss: 1.7967
2025-06-16 18:57:12,513 - INFO - Epoch [181/1000] LR: 0.010000 | Train Loss: 0.1288 | Val Loss: 1.8391
2025-06-16 18:57:12,516 - INFO - Epoch [182/1000] LR: 0.010000 | Train Loss: 0.1257 | Val Loss: 1.8346
2025-06-16 18:57:12,517 - INFO - Epoch [183/1000] LR: 0.010000 | Train Loss: 0.1314 | Val Loss: 1.8159
2025-06-16 18:57:12,519 - INFO - Epoch [184/1000] LR: 0.010000 | Train Loss: 0.1238 | Val Loss: 1.8096
2025-06-16 18:57:12,521 - INFO - Epoch [185/1000] LR: 0.010000 | Train Loss: 0.1262 | Val Loss: 1.8350
2025-06-16 18:57:12,523 - INFO - Epoch [186/1000] LR: 0.010000 | Train Loss: 0.1274 | Val Loss: 1.8248
2025-06-16 18:57:12,525 - INFO - Epoch [187/1000] LR: 0.010000 | Train Loss: 0.1233 | Val Loss: 1.8341
2025-06-16 18:57:12,527 - INFO - Epoch [188/1000] LR: 0.010000 | Train Loss: 0.1266 | Val Loss: 1.8623
2025-06-16 18:57:12,529 - INFO - Epoch [189/1000] LR: 0.010000 | Train Loss: 0.1308 | Val Loss: 1.8588
2025-06-16 18:57:12,531 - INFO - Epoch [190/1000] LR: 0.010000 | Train Loss: 0.1293 | Val Loss: 1.8859
2025-06-16 18:57:12,532 - INFO - Epoch [191/1000] LR: 0.010000 | Train Loss: 0.1289 | Val Loss: 1.8470
2025-06-16 18:57:12,534 - INFO - Epoch [192/1000] LR: 0.010000 | Train Loss: 0.1279 | Val Loss: 1.9173
2025-06-16 18:57:12,536 - INFO - Epoch [193/1000] LR: 0.010000 | Train Loss: 0.1261 | Val Loss: 1.8192
2025-06-16 18:57:12,539 - INFO - Epoch [194/1000] LR: 0.010000 | Train Loss: 0.1420 | Val Loss: 1.9095
2025-06-16 18:57:12,543 - INFO - Epoch [195/1000] LR: 0.010000 | Train Loss: 0.1523 | Val Loss: 1.8204
2025-06-16 18:57:12,545 - INFO - Epoch [196/1000] LR: 0.010000 | Train Loss: 0.1481 | Val Loss: 1.8897
2025-06-16 18:57:12,547 - INFO - Epoch [197/1000] LR: 0.010000 | Train Loss: 0.1554 | Val Loss: 1.8233
2025-06-16 18:57:12,550 - INFO - Epoch [198/1000] LR: 0.010000 | Train Loss: 0.1658 | Val Loss: 1.8405
2025-06-16 18:57:12,552 - INFO - Epoch [199/1000] LR: 0.010000 | Train Loss: 0.1532 | Val Loss: 1.8304
2025-06-16 18:57:12,554 - INFO - Epoch [200/1000] LR: 0.010000 | Train Loss: 0.1577 | Val Loss: 1.7810
2025-06-16 18:57:12,556 - INFO - Epoch [201/1000] LR: 0.010000 | Train Loss: 0.1362 | Val Loss: 1.8597
2025-06-16 18:57:12,558 - INFO - Epoch [202/1000] LR: 0.010000 | Train Loss: 0.1460 | Val Loss: 1.8454
2025-06-16 18:57:12,560 - INFO - Epoch [203/1000] LR: 0.010000 | Train Loss: 0.1463 | Val Loss: 1.8533
2025-06-16 18:57:12,562 - INFO - Epoch [204/1000] LR: 0.010000 | Train Loss: 0.1467 | Val Loss: 1.8422
2025-06-16 18:57:12,564 - INFO - Epoch [205/1000] LR: 0.010000 | Train Loss: 0.1455 | Val Loss: 1.7810
2025-06-16 18:57:12,565 - INFO - Epoch [206/1000] LR: 0.010000 | Train Loss: 0.1518 | Val Loss: 1.8240
2025-06-16 18:57:12,567 - INFO - Epoch [207/1000] LR: 0.010000 | Train Loss: 0.1472 | Val Loss: 1.8198
2025-06-16 18:57:12,569 - INFO - Epoch [208/1000] LR: 0.005000 | Train Loss: 0.1366 | Val Loss: 1.8248
2025-06-16 18:57:12,571 - INFO - Epoch [209/1000] LR: 0.005000 | Train Loss: 0.1130 | Val Loss: 1.8523
2025-06-16 18:57:12,573 - INFO - Epoch [210/1000] LR: 0.005000 | Train Loss: 0.1086 | Val Loss: 1.8217
2025-06-16 18:57:12,575 - INFO - Epoch [211/1000] LR: 0.005000 | Train Loss: 0.1083 | Val Loss: 1.8160
2025-06-16 18:57:12,576 - INFO - Epoch [212/1000] LR: 0.005000 | Train Loss: 0.0969 | Val Loss: 1.8418
2025-06-16 18:57:12,578 - INFO - Epoch [213/1000] LR: 0.005000 | Train Loss: 0.0973 | Val Loss: 1.8368
2025-06-16 18:57:12,580 - INFO - Epoch [214/1000] LR: 0.005000 | Train Loss: 0.0939 | Val Loss: 1.8406
2025-06-16 18:57:12,582 - INFO - Epoch [215/1000] LR: 0.005000 | Train Loss: 0.0914 | Val Loss: 1.8554
2025-06-16 18:57:12,584 - INFO - Epoch [216/1000] LR: 0.005000 | Train Loss: 0.0928 | Val Loss: 1.8505
2025-06-16 18:57:12,586 - INFO - Epoch [217/1000] LR: 0.005000 | Train Loss: 0.0845 | Val Loss: 1.8603
2025-06-16 18:57:12,587 - INFO - Epoch [218/1000] LR: 0.005000 | Train Loss: 0.0850 | Val Loss: 1.8712
2025-06-16 18:57:12,589 - INFO - Epoch [219/1000] LR: 0.005000 | Train Loss: 0.0804 | Val Loss: 1.8670
2025-06-16 18:57:12,591 - INFO - Epoch [220/1000] LR: 0.005000 | Train Loss: 0.0836 | Val Loss: 1.8676
2025-06-16 18:57:12,593 - INFO - Epoch [221/1000] LR: 0.005000 | Train Loss: 0.0859 | Val Loss: 1.8749
2025-06-16 18:57:12,595 - INFO - Epoch [222/1000] LR: 0.005000 | Train Loss: 0.0804 | Val Loss: 1.8734
2025-06-16 18:57:12,596 - INFO - Epoch [223/1000] LR: 0.005000 | Train Loss: 0.0817 | Val Loss: 1.8760
2025-06-16 18:57:12,598 - INFO - Epoch [224/1000] LR: 0.005000 | Train Loss: 0.0816 | Val Loss: 1.8812
2025-06-16 18:57:12,600 - INFO - Epoch [225/1000] LR: 0.005000 | Train Loss: 0.0800 | Val Loss: 1.8838
2025-06-16 18:57:12,602 - INFO - Epoch [226/1000] LR: 0.005000 | Train Loss: 0.0759 | Val Loss: 1.8898
2025-06-16 18:57:12,603 - INFO - Epoch [227/1000] LR: 0.005000 | Train Loss: 0.0752 | Val Loss: 1.8931
2025-06-16 18:57:12,605 - INFO - Epoch [228/1000] LR: 0.005000 | Train Loss: 0.0746 | Val Loss: 1.8972
2025-06-16 18:57:12,607 - INFO - Epoch [229/1000] LR: 0.005000 | Train Loss: 0.0767 | Val Loss: 1.8980
2025-06-16 18:57:12,610 - INFO - Epoch [230/1000] LR: 0.005000 | Train Loss: 0.0759 | Val Loss: 1.9019
2025-06-16 18:57:12,612 - INFO - Epoch [231/1000] LR: 0.005000 | Train Loss: 0.0745 | Val Loss: 1.9032
2025-06-16 18:57:12,614 - INFO - Epoch [232/1000] LR: 0.005000 | Train Loss: 0.0751 | Val Loss: 1.9006
2025-06-16 18:57:12,616 - INFO - Epoch [233/1000] LR: 0.005000 | Train Loss: 0.0746 | Val Loss: 1.9022
2025-06-16 18:57:12,618 - INFO - Epoch [234/1000] LR: 0.005000 | Train Loss: 0.0726 | Val Loss: 1.9004
2025-06-16 18:57:12,619 - INFO - Epoch [235/1000] LR: 0.005000 | Train Loss: 0.0736 | Val Loss: 1.9119
2025-06-16 18:57:12,621 - INFO - Epoch [236/1000] LR: 0.005000 | Train Loss: 0.0741 | Val Loss: 1.9173
2025-06-16 18:57:12,623 - INFO - Epoch [237/1000] LR: 0.005000 | Train Loss: 0.0706 | Val Loss: 1.9144
2025-06-16 18:57:12,625 - INFO - Epoch [238/1000] LR: 0.005000 | Train Loss: 0.0708 | Val Loss: 1.9192
2025-06-16 18:57:12,627 - INFO - Epoch [239/1000] LR: 0.005000 | Train Loss: 0.0755 | Val Loss: 1.9236
2025-06-16 18:57:12,628 - INFO - Epoch [240/1000] LR: 0.005000 | Train Loss: 0.0697 | Val Loss: 1.9189
2025-06-16 18:57:12,630 - INFO - Epoch [241/1000] LR: 0.005000 | Train Loss: 0.0705 | Val Loss: 1.9255
2025-06-16 18:57:12,632 - INFO - Epoch [242/1000] LR: 0.005000 | Train Loss: 0.0690 | Val Loss: 1.9233
2025-06-16 18:57:12,634 - INFO - Epoch [243/1000] LR: 0.005000 | Train Loss: 0.0690 | Val Loss: 1.9289
2025-06-16 18:57:12,636 - INFO - Epoch [244/1000] LR: 0.005000 | Train Loss: 0.0700 | Val Loss: 1.9383
2025-06-16 18:57:12,638 - INFO - Epoch [245/1000] LR: 0.005000 | Train Loss: 0.0703 | Val Loss: 1.9294
2025-06-16 18:57:12,639 - INFO - Epoch [246/1000] LR: 0.005000 | Train Loss: 0.0688 | Val Loss: 1.9173
2025-06-16 18:57:12,641 - INFO - Epoch [247/1000] LR: 0.005000 | Train Loss: 0.0674 | Val Loss: 1.9282
2025-06-16 18:57:12,643 - INFO - Epoch [248/1000] LR: 0.005000 | Train Loss: 0.0684 | Val Loss: 1.9423
2025-06-16 18:57:12,645 - INFO - Epoch [249/1000] LR: 0.005000 | Train Loss: 0.0695 | Val Loss: 1.9376
2025-06-16 18:57:12,647 - INFO - Epoch [250/1000] LR: 0.005000 | Train Loss: 0.0682 | Val Loss: 1.9358
2025-06-16 18:57:12,649 - INFO - Epoch [251/1000] LR: 0.005000 | Train Loss: 0.0701 | Val Loss: 1.9372
2025-06-16 18:57:12,651 - INFO - Epoch [252/1000] LR: 0.005000 | Train Loss: 0.0678 | Val Loss: 1.9318
2025-06-16 18:57:12,653 - INFO - Epoch [253/1000] LR: 0.005000 | Train Loss: 0.0686 | Val Loss: 1.9446
2025-06-16 18:57:12,655 - INFO - Epoch [254/1000] LR: 0.005000 | Train Loss: 0.0701 | Val Loss: 1.9420
2025-06-16 18:57:12,657 - INFO - Epoch [255/1000] LR: 0.005000 | Train Loss: 0.0649 | Val Loss: 1.9340
2025-06-16 18:57:12,659 - INFO - Epoch [256/1000] LR: 0.005000 | Train Loss: 0.0690 | Val Loss: 1.9558
2025-06-16 18:57:12,661 - INFO - Epoch [257/1000] LR: 0.005000 | Train Loss: 0.0695 | Val Loss: 1.9437
2025-06-16 18:57:12,664 - INFO - Epoch [258/1000] LR: 0.005000 | Train Loss: 0.0676 | Val Loss: 1.9434
2025-06-16 18:57:12,666 - INFO - Epoch [259/1000] LR: 0.005000 | Train Loss: 0.0680 | Val Loss: 1.9482
2025-06-16 18:57:12,668 - INFO - Epoch [260/1000] LR: 0.005000 | Train Loss: 0.0648 | Val Loss: 1.9383
2025-06-16 18:57:12,669 - INFO - Epoch [261/1000] LR: 0.005000 | Train Loss: 0.0684 | Val Loss: 1.9331
2025-06-16 18:57:12,671 - INFO - Epoch [262/1000] LR: 0.005000 | Train Loss: 0.0648 | Val Loss: 1.9437
2025-06-16 18:57:12,673 - INFO - Epoch [263/1000] LR: 0.005000 | Train Loss: 0.0649 | Val Loss: 1.9567
2025-06-16 18:57:12,675 - INFO - Epoch [264/1000] LR: 0.005000 | Train Loss: 0.0644 | Val Loss: 1.9415
2025-06-16 18:57:12,677 - INFO - Epoch [265/1000] LR: 0.005000 | Train Loss: 0.0651 | Val Loss: 1.9541
2025-06-16 18:57:12,679 - INFO - Epoch [266/1000] LR: 0.005000 | Train Loss: 0.0642 | Val Loss: 1.9543
2025-06-16 18:57:12,681 - INFO - Epoch [267/1000] LR: 0.005000 | Train Loss: 0.0631 | Val Loss: 1.9564
2025-06-16 18:57:12,683 - INFO - Epoch [268/1000] LR: 0.005000 | Train Loss: 0.0620 | Val Loss: 1.9523
2025-06-16 18:57:12,685 - INFO - Epoch [269/1000] LR: 0.005000 | Train Loss: 0.0659 | Val Loss: 1.9564
2025-06-16 18:57:12,687 - INFO - Epoch [270/1000] LR: 0.005000 | Train Loss: 0.0627 | Val Loss: 1.9690
2025-06-16 18:57:12,688 - INFO - Epoch [271/1000] LR: 0.005000 | Train Loss: 0.0635 | Val Loss: 1.9614
2025-06-16 18:57:12,690 - INFO - Epoch [272/1000] LR: 0.005000 | Train Loss: 0.0650 | Val Loss: 1.9697
2025-06-16 18:57:12,692 - INFO - Epoch [273/1000] LR: 0.005000 | Train Loss: 0.0633 | Val Loss: 1.9615
2025-06-16 18:57:12,694 - INFO - Epoch [274/1000] LR: 0.005000 | Train Loss: 0.0633 | Val Loss: 1.9617
2025-06-16 18:57:12,696 - INFO - Epoch [275/1000] LR: 0.005000 | Train Loss: 0.0637 | Val Loss: 1.9698
2025-06-16 18:57:12,697 - INFO - Epoch [276/1000] LR: 0.005000 | Train Loss: 0.0647 | Val Loss: 1.9904
2025-06-16 18:57:12,699 - INFO - Epoch [277/1000] LR: 0.005000 | Train Loss: 0.0597 | Val Loss: 1.9915
2025-06-16 18:57:12,701 - INFO - Epoch [278/1000] LR: 0.005000 | Train Loss: 0.0640 | Val Loss: 1.9684
2025-06-16 18:57:12,703 - INFO - Epoch [279/1000] LR: 0.005000 | Train Loss: 0.0611 | Val Loss: 1.9645
2025-06-16 18:57:12,704 - INFO - Epoch [280/1000] LR: 0.005000 | Train Loss: 0.0606 | Val Loss: 1.9679
2025-06-16 18:57:12,706 - INFO - Epoch [281/1000] LR: 0.005000 | Train Loss: 0.0603 | Val Loss: 1.9734
2025-06-16 18:57:12,708 - INFO - Epoch [282/1000] LR: 0.005000 | Train Loss: 0.0613 | Val Loss: 1.9801
2025-06-16 18:57:12,710 - INFO - Epoch [283/1000] LR: 0.005000 | Train Loss: 0.0589 | Val Loss: 1.9908
2025-06-16 18:57:12,712 - INFO - Epoch [284/1000] LR: 0.005000 | Train Loss: 0.0616 | Val Loss: 1.9770
2025-06-16 18:57:12,714 - INFO - Epoch [285/1000] LR: 0.005000 | Train Loss: 0.0600 | Val Loss: 1.9827
2025-06-16 18:57:12,715 - INFO - Epoch [286/1000] LR: 0.005000 | Train Loss: 0.0598 | Val Loss: 1.9839
2025-06-16 18:57:12,717 - INFO - Epoch [287/1000] LR: 0.005000 | Train Loss: 0.0561 | Val Loss: 1.9774
2025-06-16 18:57:12,719 - INFO - Epoch [288/1000] LR: 0.005000 | Train Loss: 0.0599 | Val Loss: 1.9772
2025-06-16 18:57:12,721 - INFO - Epoch [289/1000] LR: 0.005000 | Train Loss: 0.0595 | Val Loss: 2.0000
2025-06-16 18:57:12,723 - INFO - Epoch [290/1000] LR: 0.005000 | Train Loss: 0.0597 | Val Loss: 2.0008
2025-06-16 18:57:12,725 - INFO - Epoch [291/1000] LR: 0.005000 | Train Loss: 0.0576 | Val Loss: 1.9966
2025-06-16 18:57:12,726 - INFO - Epoch [292/1000] LR: 0.005000 | Train Loss: 0.0578 | Val Loss: 1.9856
2025-06-16 18:57:12,729 - INFO - Epoch [293/1000] LR: 0.005000 | Train Loss: 0.0589 | Val Loss: 1.9927
2025-06-16 18:57:12,731 - INFO - Epoch [294/1000] LR: 0.005000 | Train Loss: 0.0595 | Val Loss: 1.9922
2025-06-16 18:57:12,733 - INFO - Epoch [295/1000] LR: 0.005000 | Train Loss: 0.0569 | Val Loss: 1.9982
2025-06-16 18:57:12,735 - INFO - Epoch [296/1000] LR: 0.005000 | Train Loss: 0.0560 | Val Loss: 2.0030
2025-06-16 18:57:12,737 - INFO - Epoch [297/1000] LR: 0.005000 | Train Loss: 0.0557 | Val Loss: 1.9983
2025-06-16 18:57:12,738 - INFO - Epoch [298/1000] LR: 0.005000 | Train Loss: 0.0551 | Val Loss: 2.0106
2025-06-16 18:57:12,741 - INFO - Epoch [299/1000] LR: 0.005000 | Train Loss: 0.0578 | Val Loss: 1.9993
2025-06-16 18:57:12,743 - INFO - Epoch [300/1000] LR: 0.005000 | Train Loss: 0.0555 | Val Loss: 2.0115
2025-06-16 18:57:12,745 - INFO - Epoch [301/1000] LR: 0.005000 | Train Loss: 0.0577 | Val Loss: 2.0281
2025-06-16 18:57:12,746 - INFO - Epoch [302/1000] LR: 0.005000 | Train Loss: 0.0562 | Val Loss: 2.0113
2025-06-16 18:57:12,748 - INFO - Epoch [303/1000] LR: 0.005000 | Train Loss: 0.0570 | Val Loss: 2.0182
2025-06-16 18:57:12,750 - INFO - Epoch [304/1000] LR: 0.005000 | Train Loss: 0.0538 | Val Loss: 2.0103
2025-06-16 18:57:12,752 - INFO - Epoch [305/1000] LR: 0.005000 | Train Loss: 0.0567 | Val Loss: 2.0036
2025-06-16 18:57:12,754 - INFO - Epoch [306/1000] LR: 0.005000 | Train Loss: 0.0552 | Val Loss: 2.0204
2025-06-16 18:57:12,756 - INFO - Epoch [307/1000] LR: 0.005000 | Train Loss: 0.0561 | Val Loss: 2.0316
2025-06-16 18:57:12,758 - INFO - Epoch [308/1000] LR: 0.005000 | Train Loss: 0.0539 | Val Loss: 2.0135
2025-06-16 18:57:12,760 - INFO - Epoch [309/1000] LR: 0.005000 | Train Loss: 0.0549 | Val Loss: 2.0243
2025-06-16 18:57:12,761 - INFO - Epoch [310/1000] LR: 0.005000 | Train Loss: 0.0558 | Val Loss: 2.0284
2025-06-16 18:57:12,763 - INFO - Epoch [311/1000] LR: 0.005000 | Train Loss: 0.0560 | Val Loss: 2.0220
2025-06-16 18:57:12,765 - INFO - Epoch [312/1000] LR: 0.005000 | Train Loss: 0.0538 | Val Loss: 2.0272
2025-06-16 18:57:12,767 - INFO - Epoch [313/1000] LR: 0.005000 | Train Loss: 0.0532 | Val Loss: 2.0204
2025-06-16 18:57:12,769 - INFO - Epoch [314/1000] LR: 0.005000 | Train Loss: 0.0543 | Val Loss: 2.0248
2025-06-16 18:57:12,770 - INFO - Epoch [315/1000] LR: 0.005000 | Train Loss: 0.0523 | Val Loss: 2.0319
2025-06-16 18:57:12,773 - INFO - Epoch [316/1000] LR: 0.005000 | Train Loss: 0.0553 | Val Loss: 2.0242
2025-06-16 18:57:12,775 - INFO - Epoch [317/1000] LR: 0.005000 | Train Loss: 0.0548 | Val Loss: 2.0187
2025-06-16 18:57:12,777 - INFO - Epoch [318/1000] LR: 0.005000 | Train Loss: 0.0546 | Val Loss: 2.0284
2025-06-16 18:57:12,778 - INFO - Epoch [319/1000] LR: 0.005000 | Train Loss: 0.0522 | Val Loss: 2.0436
2025-06-16 18:57:12,780 - INFO - Epoch [320/1000] LR: 0.005000 | Train Loss: 0.0538 | Val Loss: 2.0372
2025-06-16 18:57:12,782 - INFO - Epoch [321/1000] LR: 0.005000 | Train Loss: 0.0557 | Val Loss: 2.0390
2025-06-16 18:57:12,784 - INFO - Epoch [322/1000] LR: 0.005000 | Train Loss: 0.0538 | Val Loss: 2.0391
2025-06-16 18:57:12,785 - INFO - Epoch [323/1000] LR: 0.005000 | Train Loss: 0.0547 | Val Loss: 2.0326
2025-06-16 18:57:12,788 - INFO - Epoch [324/1000] LR: 0.005000 | Train Loss: 0.0523 | Val Loss: 2.0522
2025-06-16 18:57:12,789 - INFO - Epoch [325/1000] LR: 0.005000 | Train Loss: 0.0523 | Val Loss: 2.0331
2025-06-16 18:57:12,791 - INFO - Epoch [326/1000] LR: 0.005000 | Train Loss: 0.0516 | Val Loss: 2.0502
2025-06-16 18:57:12,793 - INFO - Epoch [327/1000] LR: 0.005000 | Train Loss: 0.0557 | Val Loss: 2.0472
2025-06-16 18:57:12,795 - INFO - Epoch [328/1000] LR: 0.005000 | Train Loss: 0.0534 | Val Loss: 2.0524
2025-06-16 18:57:12,797 - INFO - Epoch [329/1000] LR: 0.005000 | Train Loss: 0.0511 | Val Loss: 2.0443
2025-06-16 18:57:12,799 - INFO - Epoch [330/1000] LR: 0.005000 | Train Loss: 0.0531 | Val Loss: 2.0611
2025-06-16 18:57:12,801 - INFO - Epoch [331/1000] LR: 0.005000 | Train Loss: 0.0554 | Val Loss: 2.0353
2025-06-16 18:57:12,802 - INFO - Epoch [332/1000] LR: 0.005000 | Train Loss: 0.0512 | Val Loss: 2.0349
2025-06-16 18:57:12,804 - INFO - Epoch [333/1000] LR: 0.005000 | Train Loss: 0.0532 | Val Loss: 2.0515
2025-06-16 18:57:12,806 - INFO - Epoch [334/1000] LR: 0.005000 | Train Loss: 0.0551 | Val Loss: 2.0580
2025-06-16 18:57:12,808 - INFO - Epoch [335/1000] LR: 0.005000 | Train Loss: 0.0514 | Val Loss: 2.0529
2025-06-16 18:57:12,810 - INFO - Epoch [336/1000] LR: 0.005000 | Train Loss: 0.0533 | Val Loss: 2.0702
2025-06-16 18:57:12,812 - INFO - Epoch [337/1000] LR: 0.005000 | Train Loss: 0.0511 | Val Loss: 2.0532
2025-06-16 18:57:12,814 - INFO - Epoch [338/1000] LR: 0.005000 | Train Loss: 0.0539 | Val Loss: 2.0700
2025-06-16 18:57:12,816 - INFO - Epoch [339/1000] LR: 0.005000 | Train Loss: 0.0505 | Val Loss: 2.0809
2025-06-16 18:57:12,817 - INFO - Epoch [340/1000] LR: 0.005000 | Train Loss: 0.0505 | Val Loss: 2.0647
2025-06-16 18:57:12,819 - INFO - Epoch [341/1000] LR: 0.005000 | Train Loss: 0.0533 | Val Loss: 2.0561
2025-06-16 18:57:12,821 - INFO - Epoch [342/1000] LR: 0.005000 | Train Loss: 0.0496 | Val Loss: 2.0698
2025-06-16 18:57:12,823 - INFO - Epoch [343/1000] LR: 0.005000 | Train Loss: 0.0481 | Val Loss: 2.0673
2025-06-16 18:57:12,825 - INFO - Epoch [344/1000] LR: 0.005000 | Train Loss: 0.0534 | Val Loss: 2.0763
2025-06-16 18:57:12,826 - INFO - Epoch [345/1000] LR: 0.005000 | Train Loss: 0.0492 | Val Loss: 2.0670
2025-06-16 18:57:12,828 - INFO - Epoch [346/1000] LR: 0.005000 | Train Loss: 0.0516 | Val Loss: 2.0605
2025-06-16 18:57:12,830 - INFO - Epoch [347/1000] LR: 0.005000 | Train Loss: 0.0513 | Val Loss: 2.0641
2025-06-16 18:57:12,832 - INFO - Epoch [348/1000] LR: 0.005000 | Train Loss: 0.0516 | Val Loss: 2.0710
2025-06-16 18:57:12,834 - INFO - Epoch [349/1000] LR: 0.005000 | Train Loss: 0.0520 | Val Loss: 2.0665
2025-06-16 18:57:12,836 - INFO - Epoch [350/1000] LR: 0.005000 | Train Loss: 0.0507 | Val Loss: 2.0892
2025-06-16 18:57:12,838 - INFO - Epoch [351/1000] LR: 0.005000 | Train Loss: 0.0523 | Val Loss: 2.0585
2025-06-16 18:57:12,839 - INFO - Epoch [352/1000] LR: 0.005000 | Train Loss: 0.0503 | Val Loss: 2.0807
2025-06-16 18:57:12,841 - INFO - Epoch [353/1000] LR: 0.005000 | Train Loss: 0.0491 | Val Loss: 2.0897
2025-06-16 18:57:12,843 - INFO - Epoch [354/1000] LR: 0.005000 | Train Loss: 0.0495 | Val Loss: 2.0671
2025-06-16 18:57:12,845 - INFO - Epoch [355/1000] LR: 0.005000 | Train Loss: 0.0521 | Val Loss: 2.0867
2025-06-16 18:57:12,846 - INFO - Epoch [356/1000] LR: 0.005000 | Train Loss: 0.0515 | Val Loss: 2.0744
2025-06-16 18:57:12,848 - INFO - Epoch [357/1000] LR: 0.005000 | Train Loss: 0.0509 | Val Loss: 2.0850
2025-06-16 18:57:12,850 - INFO - Epoch [358/1000] LR: 0.005000 | Train Loss: 0.0511 | Val Loss: 2.0827
2025-06-16 18:57:12,851 - INFO - Epoch [359/1000] LR: 0.005000 | Train Loss: 0.0521 | Val Loss: 2.0903
2025-06-16 18:57:12,853 - INFO - Epoch [360/1000] LR: 0.005000 | Train Loss: 0.0547 | Val Loss: 2.0597
2025-06-16 18:57:12,855 - INFO - Epoch [361/1000] LR: 0.005000 | Train Loss: 0.0539 | Val Loss: 2.0803
2025-06-16 18:57:12,857 - INFO - Epoch [362/1000] LR: 0.005000 | Train Loss: 0.0531 | Val Loss: 2.0847
2025-06-16 18:57:12,859 - INFO - Epoch [363/1000] LR: 0.005000 | Train Loss: 0.0508 | Val Loss: 2.0831
2025-06-16 18:57:12,861 - INFO - Epoch [364/1000] LR: 0.005000 | Train Loss: 0.0525 | Val Loss: 2.0857
2025-06-16 18:57:12,862 - INFO - Epoch [365/1000] LR: 0.005000 | Train Loss: 0.0538 | Val Loss: 2.0749
2025-06-16 18:57:12,864 - INFO - Epoch [366/1000] LR: 0.005000 | Train Loss: 0.0514 | Val Loss: 2.0843
2025-06-16 18:57:12,871 - INFO - Epoch [367/1000] LR: 0.005000 | Train Loss: 0.0511 | Val Loss: 2.0717
2025-06-16 18:57:12,875 - INFO - Epoch [368/1000] LR: 0.005000 | Train Loss: 0.0515 | Val Loss: 2.0645
2025-06-16 18:57:12,877 - INFO - Epoch [369/1000] LR: 0.005000 | Train Loss: 0.0511 | Val Loss: 2.0957
2025-06-16 18:57:12,878 - INFO - Epoch [370/1000] LR: 0.005000 | Train Loss: 0.0507 | Val Loss: 2.1115
2025-06-16 18:57:12,880 - INFO - Epoch [371/1000] LR: 0.005000 | Train Loss: 0.0531 | Val Loss: 2.0771
2025-06-16 18:57:12,882 - INFO - Epoch [372/1000] LR: 0.005000 | Train Loss: 0.0476 | Val Loss: 2.0661
2025-06-16 18:57:12,886 - INFO - Epoch [373/1000] LR: 0.005000 | Train Loss: 0.0487 | Val Loss: 2.0822
2025-06-16 18:57:12,890 - INFO - Epoch [374/1000] LR: 0.005000 | Train Loss: 0.0504 | Val Loss: 2.0994
2025-06-16 18:57:12,893 - INFO - Epoch [375/1000] LR: 0.005000 | Train Loss: 0.0490 | Val Loss: 2.0834
2025-06-16 18:57:12,896 - INFO - Epoch [376/1000] LR: 0.005000 | Train Loss: 0.0502 | Val Loss: 2.1106
2025-06-16 18:57:12,898 - INFO - Epoch [377/1000] LR: 0.005000 | Train Loss: 0.0498 | Val Loss: 2.0855
2025-06-16 18:57:12,900 - INFO - Epoch [378/1000] LR: 0.005000 | Train Loss: 0.0543 | Val Loss: 2.1061
2025-06-16 18:57:12,902 - INFO - Epoch [379/1000] LR: 0.005000 | Train Loss: 0.0517 | Val Loss: 2.0913
2025-06-16 18:57:12,904 - INFO - Epoch [380/1000] LR: 0.005000 | Train Loss: 0.0555 | Val Loss: 2.0951
2025-06-16 18:57:12,905 - INFO - Epoch [381/1000] LR: 0.005000 | Train Loss: 0.0552 | Val Loss: 2.0961
2025-06-16 18:57:12,908 - INFO - Epoch [382/1000] LR: 0.005000 | Train Loss: 0.0573 | Val Loss: 2.1196
2025-06-16 18:57:12,910 - INFO - Epoch [383/1000] LR: 0.005000 | Train Loss: 0.0592 | Val Loss: 2.0964
2025-06-16 18:57:12,912 - INFO - Epoch [384/1000] LR: 0.005000 | Train Loss: 0.0596 | Val Loss: 2.0690
2025-06-16 18:57:12,913 - INFO - Epoch [385/1000] LR: 0.005000 | Train Loss: 0.0617 | Val Loss: 2.0794
2025-06-16 18:57:12,915 - INFO - Epoch [386/1000] LR: 0.005000 | Train Loss: 0.0578 | Val Loss: 2.0878
2025-06-16 18:57:12,917 - INFO - Epoch [387/1000] LR: 0.005000 | Train Loss: 0.0630 | Val Loss: 2.1109
2025-06-16 18:57:12,919 - INFO - Epoch [388/1000] LR: 0.005000 | Train Loss: 0.0626 | Val Loss: 2.0707
2025-06-16 18:57:12,921 - INFO - Epoch [389/1000] LR: 0.005000 | Train Loss: 0.0631 | Val Loss: 2.0694
2025-06-16 18:57:12,923 - INFO - Epoch [390/1000] LR: 0.005000 | Train Loss: 0.0612 | Val Loss: 2.0834
2025-06-16 18:57:12,925 - INFO - Epoch [391/1000] LR: 0.005000 | Train Loss: 0.0603 | Val Loss: 2.0669
2025-06-16 18:57:12,927 - INFO - Epoch [392/1000] LR: 0.005000 | Train Loss: 0.0592 | Val Loss: 2.0644
2025-06-16 18:57:12,928 - INFO - Epoch [393/1000] LR: 0.005000 | Train Loss: 0.0553 | Val Loss: 2.0849
2025-06-16 18:57:12,930 - INFO - Epoch [394/1000] LR: 0.005000 | Train Loss: 0.0551 | Val Loss: 2.0618
2025-06-16 18:57:12,932 - INFO - Epoch [395/1000] LR: 0.005000 | Train Loss: 0.0543 | Val Loss: 2.0852
2025-06-16 18:57:12,934 - INFO - Epoch [396/1000] LR: 0.005000 | Train Loss: 0.0558 | Val Loss: 2.0754
2025-06-16 18:57:12,936 - INFO - Epoch [397/1000] LR: 0.005000 | Train Loss: 0.0538 | Val Loss: 2.0703
2025-06-16 18:57:12,938 - INFO - Epoch [398/1000] LR: 0.005000 | Train Loss: 0.0529 | Val Loss: 2.0838
2025-06-16 18:57:12,940 - INFO - Epoch [399/1000] LR: 0.005000 | Train Loss: 0.0517 | Val Loss: 2.0729
2025-06-16 18:57:12,941 - INFO - Epoch [400/1000] LR: 0.005000 | Train Loss: 0.0522 | Val Loss: 2.0711
2025-06-16 18:57:12,943 - INFO - Epoch [401/1000] LR: 0.005000 | Train Loss: 0.0523 | Val Loss: 2.1012
2025-06-16 18:57:12,946 - INFO - Epoch [402/1000] LR: 0.005000 | Train Loss: 0.0531 | Val Loss: 2.0598
2025-06-16 18:57:12,947 - INFO - Epoch [403/1000] LR: 0.005000 | Train Loss: 0.0506 | Val Loss: 2.0873
2025-06-16 18:57:12,949 - INFO - Epoch [404/1000] LR: 0.005000 | Train Loss: 0.0501 | Val Loss: 2.1166
2025-06-16 18:57:12,951 - INFO - Epoch [405/1000] LR: 0.005000 | Train Loss: 0.0536 | Val Loss: 2.0939
2025-06-16 18:57:12,953 - INFO - Epoch [406/1000] LR: 0.005000 | Train Loss: 0.0481 | Val Loss: 2.1018
2025-06-16 18:57:12,954 - INFO - Epoch [407/1000] LR: 0.005000 | Train Loss: 0.0482 | Val Loss: 2.1100
2025-06-16 18:57:12,956 - INFO - Epoch [408/1000] LR: 0.005000 | Train Loss: 0.0490 | Val Loss: 2.0772
2025-06-16 18:57:12,958 - INFO - Epoch [409/1000] LR: 0.002500 | Train Loss: 0.0490 | Val Loss: 2.0925
2025-06-16 18:57:12,960 - INFO - Epoch [410/1000] LR: 0.002500 | Train Loss: 0.0433 | Val Loss: 2.1153
2025-06-16 18:57:12,962 - INFO - Epoch [411/1000] LR: 0.002500 | Train Loss: 0.0400 | Val Loss: 2.0972
2025-06-16 18:57:12,964 - INFO - Epoch [412/1000] LR: 0.002500 | Train Loss: 0.0407 | Val Loss: 2.0817
2025-06-16 18:57:12,966 - INFO - Epoch [413/1000] LR: 0.002500 | Train Loss: 0.0420 | Val Loss: 2.0937
2025-06-16 18:57:12,968 - INFO - Epoch [414/1000] LR: 0.002500 | Train Loss: 0.0398 | Val Loss: 2.1033
2025-06-16 18:57:12,970 - INFO - Epoch [415/1000] LR: 0.002500 | Train Loss: 0.0388 | Val Loss: 2.0999
2025-06-16 18:57:12,972 - INFO - Epoch [416/1000] LR: 0.002500 | Train Loss: 0.0380 | Val Loss: 2.0976
2025-06-16 18:57:12,973 - INFO - Epoch [417/1000] LR: 0.002500 | Train Loss: 0.0381 | Val Loss: 2.0974
2025-06-16 18:57:12,975 - INFO - Epoch [418/1000] LR: 0.002500 | Train Loss: 0.0379 | Val Loss: 2.0998
2025-06-16 18:57:12,977 - INFO - Epoch [419/1000] LR: 0.002500 | Train Loss: 0.0376 | Val Loss: 2.1073
2025-06-16 18:57:12,979 - INFO - Epoch [420/1000] LR: 0.002500 | Train Loss: 0.0377 | Val Loss: 2.1050
2025-06-16 18:57:12,981 - INFO - Epoch [421/1000] LR: 0.002500 | Train Loss: 0.0367 | Val Loss: 2.1002
2025-06-16 18:57:12,982 - INFO - Epoch [422/1000] LR: 0.002500 | Train Loss: 0.0385 | Val Loss: 2.1026
2025-06-16 18:57:12,984 - INFO - Epoch [423/1000] LR: 0.002500 | Train Loss: 0.0376 | Val Loss: 2.1060
2025-06-16 18:57:12,986 - INFO - Epoch [424/1000] LR: 0.002500 | Train Loss: 0.0364 | Val Loss: 2.1093
2025-06-16 18:57:12,988 - INFO - Epoch [425/1000] LR: 0.002500 | Train Loss: 0.0359 | Val Loss: 2.1089
2025-06-16 18:57:12,989 - INFO - Epoch [426/1000] LR: 0.002500 | Train Loss: 0.0379 | Val Loss: 2.1080
2025-06-16 18:57:12,993 - INFO - Epoch [427/1000] LR: 0.002500 | Train Loss: 0.0371 | Val Loss: 2.1121
2025-06-16 18:57:12,994 - INFO - Epoch [428/1000] LR: 0.002500 | Train Loss: 0.0364 | Val Loss: 2.1116
2025-06-16 18:57:12,996 - INFO - Epoch [429/1000] LR: 0.002500 | Train Loss: 0.0349 | Val Loss: 2.1111
2025-06-16 18:57:12,998 - INFO - Epoch [430/1000] LR: 0.002500 | Train Loss: 0.0361 | Val Loss: 2.1150
2025-06-16 18:57:13,000 - INFO - Epoch [431/1000] LR: 0.002500 | Train Loss: 0.0373 | Val Loss: 2.1165
2025-06-16 18:57:13,001 - INFO - Epoch [432/1000] LR: 0.002500 | Train Loss: 0.0376 | Val Loss: 2.1185
2025-06-16 18:57:13,003 - INFO - Epoch [433/1000] LR: 0.002500 | Train Loss: 0.0353 | Val Loss: 2.1182
2025-06-16 18:57:13,005 - INFO - Epoch [434/1000] LR: 0.002500 | Train Loss: 0.0381 | Val Loss: 2.1206
2025-06-16 18:57:13,008 - INFO - Epoch [435/1000] LR: 0.002500 | Train Loss: 0.0365 | Val Loss: 2.1223
2025-06-16 18:57:13,010 - INFO - Epoch [436/1000] LR: 0.002500 | Train Loss: 0.0393 | Val Loss: 2.1196
2025-06-16 18:57:13,012 - INFO - Epoch [437/1000] LR: 0.002500 | Train Loss: 0.0366 | Val Loss: 2.1221
2025-06-16 18:57:13,013 - INFO - Epoch [438/1000] LR: 0.002500 | Train Loss: 0.0354 | Val Loss: 2.1240
2025-06-16 18:57:13,015 - INFO - Epoch [439/1000] LR: 0.002500 | Train Loss: 0.0360 | Val Loss: 2.1234
2025-06-16 18:57:13,017 - INFO - Epoch [440/1000] LR: 0.002500 | Train Loss: 0.0366 | Val Loss: 2.1221
2025-06-16 18:57:13,019 - INFO - Epoch [441/1000] LR: 0.002500 | Train Loss: 0.0352 | Val Loss: 2.1223
2025-06-16 18:57:13,021 - INFO - Epoch [442/1000] LR: 0.002500 | Train Loss: 0.0347 | Val Loss: 2.1245
2025-06-16 18:57:13,023 - INFO - Epoch [443/1000] LR: 0.002500 | Train Loss: 0.0352 | Val Loss: 2.1254
2025-06-16 18:57:13,026 - INFO - Epoch [444/1000] LR: 0.002500 | Train Loss: 0.0367 | Val Loss: 2.1254
2025-06-16 18:57:13,028 - INFO - Epoch [445/1000] LR: 0.002500 | Train Loss: 0.0356 | Val Loss: 2.1258
2025-06-16 18:57:13,030 - INFO - Epoch [446/1000] LR: 0.002500 | Train Loss: 0.0339 | Val Loss: 2.1263
2025-06-16 18:57:13,032 - INFO - Epoch [447/1000] LR: 0.002500 | Train Loss: 0.0348 | Val Loss: 2.1291
2025-06-16 18:57:13,034 - INFO - Epoch [448/1000] LR: 0.002500 | Train Loss: 0.0366 | Val Loss: 2.1300
2025-06-16 18:57:13,036 - INFO - Epoch [449/1000] LR: 0.002500 | Train Loss: 0.0350 | Val Loss: 2.1290
2025-06-16 18:57:13,039 - INFO - Epoch [450/1000] LR: 0.002500 | Train Loss: 0.0354 | Val Loss: 2.1325
2025-06-16 18:57:13,041 - INFO - Epoch [451/1000] LR: 0.002500 | Train Loss: 0.0361 | Val Loss: 2.1319
2025-06-16 18:57:13,043 - INFO - Epoch [452/1000] LR: 0.002500 | Train Loss: 0.0359 | Val Loss: 2.1311
2025-06-16 18:57:13,045 - INFO - Epoch [453/1000] LR: 0.002500 | Train Loss: 0.0348 | Val Loss: 2.1334
2025-06-16 18:57:13,047 - INFO - Epoch [454/1000] LR: 0.002500 | Train Loss: 0.0356 | Val Loss: 2.1356
2025-06-16 18:57:13,049 - INFO - Epoch [455/1000] LR: 0.002500 | Train Loss: 0.0356 | Val Loss: 2.1369
2025-06-16 18:57:13,051 - INFO - Epoch [456/1000] LR: 0.002500 | Train Loss: 0.0348 | Val Loss: 2.1348
2025-06-16 18:57:13,053 - INFO - Epoch [457/1000] LR: 0.002500 | Train Loss: 0.0347 | Val Loss: 2.1388
2025-06-16 18:57:13,056 - INFO - Epoch [458/1000] LR: 0.002500 | Train Loss: 0.0343 | Val Loss: 2.1408
2025-06-16 18:57:13,058 - INFO - Epoch [459/1000] LR: 0.002500 | Train Loss: 0.0365 | Val Loss: 2.1351
2025-06-16 18:57:13,060 - INFO - Epoch [460/1000] LR: 0.002500 | Train Loss: 0.0347 | Val Loss: 2.1402
2025-06-16 18:57:13,062 - INFO - Epoch [461/1000] LR: 0.002500 | Train Loss: 0.0349 | Val Loss: 2.1438
2025-06-16 18:57:13,064 - INFO - Epoch [462/1000] LR: 0.002500 | Train Loss: 0.0359 | Val Loss: 2.1392
2025-06-16 18:57:13,066 - INFO - Epoch [463/1000] LR: 0.002500 | Train Loss: 0.0344 | Val Loss: 2.1431
2025-06-16 18:57:13,068 - INFO - Epoch [464/1000] LR: 0.002500 | Train Loss: 0.0342 | Val Loss: 2.1440
2025-06-16 18:57:13,070 - INFO - Epoch [465/1000] LR: 0.002500 | Train Loss: 0.0346 | Val Loss: 2.1411
2025-06-16 18:57:13,071 - INFO - Epoch [466/1000] LR: 0.002500 | Train Loss: 0.0338 | Val Loss: 2.1455
2025-06-16 18:57:13,073 - INFO - Epoch [467/1000] LR: 0.002500 | Train Loss: 0.0360 | Val Loss: 2.1495
2025-06-16 18:57:13,075 - INFO - Epoch [468/1000] LR: 0.002500 | Train Loss: 0.0334 | Val Loss: 2.1493
2025-06-16 18:57:13,077 - INFO - Epoch [469/1000] LR: 0.002500 | Train Loss: 0.0347 | Val Loss: 2.1475
2025-06-16 18:57:13,078 - INFO - Epoch [470/1000] LR: 0.002500 | Train Loss: 0.0356 | Val Loss: 2.1462
2025-06-16 18:57:13,080 - INFO - Epoch [471/1000] LR: 0.002500 | Train Loss: 0.0345 | Val Loss: 2.1487
2025-06-16 18:57:13,082 - INFO - Epoch [472/1000] LR: 0.002500 | Train Loss: 0.0348 | Val Loss: 2.1522
2025-06-16 18:57:13,084 - INFO - Epoch [473/1000] LR: 0.002500 | Train Loss: 0.0339 | Val Loss: 2.1500
2025-06-16 18:57:13,086 - INFO - Epoch [474/1000] LR: 0.002500 | Train Loss: 0.0342 | Val Loss: 2.1522
2025-06-16 18:57:13,088 - INFO - Epoch [475/1000] LR: 0.002500 | Train Loss: 0.0345 | Val Loss: 2.1538
2025-06-16 18:57:13,090 - INFO - Epoch [476/1000] LR: 0.002500 | Train Loss: 0.0344 | Val Loss: 2.1521
2025-06-16 18:57:13,091 - INFO - Epoch [477/1000] LR: 0.002500 | Train Loss: 0.0342 | Val Loss: 2.1510
2025-06-16 18:57:13,093 - INFO - Epoch [478/1000] LR: 0.002500 | Train Loss: 0.0356 | Val Loss: 2.1558
2025-06-16 18:57:13,095 - INFO - Epoch [479/1000] LR: 0.002500 | Train Loss: 0.0339 | Val Loss: 2.1588
2025-06-16 18:57:13,097 - INFO - Epoch [480/1000] LR: 0.002500 | Train Loss: 0.0356 | Val Loss: 2.1514
2025-06-16 18:57:13,099 - INFO - Epoch [481/1000] LR: 0.002500 | Train Loss: 0.0334 | Val Loss: 2.1515
2025-06-16 18:57:13,100 - INFO - Epoch [482/1000] LR: 0.002500 | Train Loss: 0.0329 | Val Loss: 2.1588
2025-06-16 18:57:13,102 - INFO - Epoch [483/1000] LR: 0.002500 | Train Loss: 0.0328 | Val Loss: 2.1582
2025-06-16 18:57:13,104 - INFO - Epoch [484/1000] LR: 0.002500 | Train Loss: 0.0333 | Val Loss: 2.1595
2025-06-16 18:57:13,106 - INFO - Epoch [485/1000] LR: 0.002500 | Train Loss: 0.0338 | Val Loss: 2.1640
2025-06-16 18:57:13,108 - INFO - Epoch [486/1000] LR: 0.002500 | Train Loss: 0.0335 | Val Loss: 2.1642
2025-06-16 18:57:13,109 - INFO - Epoch [487/1000] LR: 0.002500 | Train Loss: 0.0342 | Val Loss: 2.1614
2025-06-16 18:57:13,111 - INFO - Epoch [488/1000] LR: 0.002500 | Train Loss: 0.0356 | Val Loss: 2.1620
2025-06-16 18:57:13,113 - INFO - Epoch [489/1000] LR: 0.002500 | Train Loss: 0.0318 | Val Loss: 2.1634
2025-06-16 18:57:13,115 - INFO - Epoch [490/1000] LR: 0.002500 | Train Loss: 0.0330 | Val Loss: 2.1647
2025-06-16 18:57:13,117 - INFO - Epoch [491/1000] LR: 0.002500 | Train Loss: 0.0345 | Val Loss: 2.1624
2025-06-16 18:57:13,119 - INFO - Epoch [492/1000] LR: 0.002500 | Train Loss: 0.0326 | Val Loss: 2.1659
2025-06-16 18:57:13,120 - INFO - Epoch [493/1000] LR: 0.002500 | Train Loss: 0.0344 | Val Loss: 2.1696
2025-06-16 18:57:13,122 - INFO - Epoch [494/1000] LR: 0.002500 | Train Loss: 0.0334 | Val Loss: 2.1670
2025-06-16 18:57:13,124 - INFO - Epoch [495/1000] LR: 0.002500 | Train Loss: 0.0319 | Val Loss: 2.1665
2025-06-16 18:57:13,126 - INFO - Epoch [496/1000] LR: 0.002500 | Train Loss: 0.0351 | Val Loss: 2.1714
2025-06-16 18:57:13,128 - INFO - Epoch [497/1000] LR: 0.002500 | Train Loss: 0.0323 | Val Loss: 2.1703
2025-06-16 18:57:13,129 - INFO - Epoch [498/1000] LR: 0.002500 | Train Loss: 0.0325 | Val Loss: 2.1718
2025-06-16 18:57:13,131 - INFO - Epoch [499/1000] LR: 0.002500 | Train Loss: 0.0321 | Val Loss: 2.1729
2025-06-16 18:57:13,133 - INFO - Epoch [500/1000] LR: 0.002500 | Train Loss: 0.0316 | Val Loss: 2.1726
2025-06-16 18:57:13,135 - INFO - Epoch [501/1000] LR: 0.002500 | Train Loss: 0.0337 | Val Loss: 2.1738
2025-06-16 18:57:13,137 - INFO - Epoch [502/1000] LR: 0.002500 | Train Loss: 0.0327 | Val Loss: 2.1760
2025-06-16 18:57:13,138 - INFO - Epoch [503/1000] LR: 0.002500 | Train Loss: 0.0326 | Val Loss: 2.1780
2025-06-16 18:57:13,140 - INFO - Epoch [504/1000] LR: 0.002500 | Train Loss: 0.0335 | Val Loss: 2.1764
2025-06-16 18:57:13,142 - INFO - Epoch [505/1000] LR: 0.002500 | Train Loss: 0.0317 | Val Loss: 2.1754
2025-06-16 18:57:13,144 - INFO - Epoch [506/1000] LR: 0.002500 | Train Loss: 0.0332 | Val Loss: 2.1785
2025-06-16 18:57:13,144 - INFO - Early stopping at epoch 506
