2025-06-16 18:56:39,201 - INFO - Model architecture: RegressionNN(
  (model): Sequential(
    (0): Linear(in_features=3, out_features=32, bias=True)
    (1): ReLU()
    (2): Linear(in_features=32, out_features=128, bias=True)
    (3): ReLU()
    (4): Linear(in_features=128, out_features=128, bias=True)
    (5): ReLU()
    (6): Linear(in_features=128, out_features=64, bias=True)
    (7): ReLU()
    (8): Linear(in_features=64, out_features=19, bias=True)
  )
)
2025-06-16 18:56:39,571 - INFO - Epoch [1/1000] LR: 0.010000 | Train Loss: 0.9732 | Val Loss: 1.0153
2025-06-16 18:56:39,594 - INFO - Epoch [2/1000] LR: 0.010000 | Train Loss: 0.9528 | Val Loss: 1.0209
2025-06-16 18:56:39,611 - INFO - Epoch [3/1000] LR: 0.010000 | Train Loss: 0.9415 | Val Loss: 1.0109
2025-06-16 18:56:39,615 - INFO - Epoch [4/1000] LR: 0.010000 | Train Loss: 0.9362 | Val Loss: 1.0325
2025-06-16 18:56:39,628 - INFO - Epoch [5/1000] LR: 0.010000 | Train Loss: 0.9282 | Val Loss: 1.0232
2025-06-16 18:56:39,638 - INFO - Epoch [6/1000] LR: 0.010000 | Train Loss: 0.9219 | Val Loss: 1.0230
2025-06-16 18:56:39,656 - INFO - Epoch [7/1000] LR: 0.010000 | Train Loss: 0.9059 | Val Loss: 1.0277
2025-06-16 18:56:39,665 - INFO - Epoch [8/1000] LR: 0.010000 | Train Loss: 0.8964 | Val Loss: 1.0414
2025-06-16 18:56:39,725 - INFO - Epoch [9/1000] LR: 0.010000 | Train Loss: 0.8853 | Val Loss: 1.0259
2025-06-16 18:56:39,727 - INFO - Epoch [10/1000] LR: 0.010000 | Train Loss: 0.8744 | Val Loss: 1.0510
2025-06-16 18:56:39,729 - INFO - Epoch [11/1000] LR: 0.010000 | Train Loss: 0.8759 | Val Loss: 1.0284
2025-06-16 18:56:39,731 - INFO - Epoch [12/1000] LR: 0.010000 | Train Loss: 0.8711 | Val Loss: 1.0286
2025-06-16 18:56:39,733 - INFO - Epoch [13/1000] LR: 0.010000 | Train Loss: 0.8502 | Val Loss: 1.0222
2025-06-16 18:56:39,736 - INFO - Epoch [14/1000] LR: 0.010000 | Train Loss: 0.8399 | Val Loss: 1.0725
2025-06-16 18:56:39,738 - INFO - Epoch [15/1000] LR: 0.010000 | Train Loss: 0.8231 | Val Loss: 1.0706
2025-06-16 18:56:39,740 - INFO - Epoch [16/1000] LR: 0.010000 | Train Loss: 0.8283 | Val Loss: 1.0613
2025-06-16 18:56:39,742 - INFO - Epoch [17/1000] LR: 0.010000 | Train Loss: 0.8081 | Val Loss: 1.0484
2025-06-16 18:56:39,744 - INFO - Epoch [18/1000] LR: 0.010000 | Train Loss: 0.7977 | Val Loss: 1.0750
2025-06-16 18:56:39,747 - INFO - Epoch [19/1000] LR: 0.010000 | Train Loss: 0.7938 | Val Loss: 1.0801
2025-06-16 18:56:39,749 - INFO - Epoch [20/1000] LR: 0.010000 | Train Loss: 0.7992 | Val Loss: 1.0838
2025-06-16 18:56:39,751 - INFO - Epoch [21/1000] LR: 0.010000 | Train Loss: 0.7864 | Val Loss: 1.0509
2025-06-16 18:56:39,753 - INFO - Epoch [22/1000] LR: 0.010000 | Train Loss: 0.7665 | Val Loss: 1.0615
2025-06-16 18:56:39,756 - INFO - Epoch [23/1000] LR: 0.010000 | Train Loss: 0.7879 | Val Loss: 1.0723
2025-06-16 18:56:39,759 - INFO - Epoch [24/1000] LR: 0.010000 | Train Loss: 0.7503 | Val Loss: 1.0782
2025-06-16 18:56:39,762 - INFO - Epoch [25/1000] LR: 0.010000 | Train Loss: 0.7589 | Val Loss: 1.0848
2025-06-16 18:56:39,764 - INFO - Epoch [26/1000] LR: 0.010000 | Train Loss: 0.7403 | Val Loss: 1.0904
2025-06-16 18:56:39,767 - INFO - Epoch [27/1000] LR: 0.010000 | Train Loss: 0.7348 | Val Loss: 1.1002
2025-06-16 18:56:39,769 - INFO - Epoch [28/1000] LR: 0.010000 | Train Loss: 0.7266 | Val Loss: 1.0928
2025-06-16 18:56:39,771 - INFO - Epoch [29/1000] LR: 0.010000 | Train Loss: 0.7165 | Val Loss: 1.1008
2025-06-16 18:56:39,773 - INFO - Epoch [30/1000] LR: 0.010000 | Train Loss: 0.6979 | Val Loss: 1.1276
2025-06-16 18:56:39,775 - INFO - Epoch [31/1000] LR: 0.010000 | Train Loss: 0.6801 | Val Loss: 1.1361
2025-06-16 18:56:39,778 - INFO - Epoch [32/1000] LR: 0.010000 | Train Loss: 0.6695 | Val Loss: 1.1633
2025-06-16 18:56:39,780 - INFO - Epoch [33/1000] LR: 0.010000 | Train Loss: 0.6598 | Val Loss: 1.1469
2025-06-16 18:56:39,782 - INFO - Epoch [34/1000] LR: 0.010000 | Train Loss: 0.6465 | Val Loss: 1.1557
2025-06-16 18:56:39,784 - INFO - Epoch [35/1000] LR: 0.010000 | Train Loss: 0.6473 | Val Loss: 1.1482
2025-06-16 18:56:39,786 - INFO - Epoch [36/1000] LR: 0.010000 | Train Loss: 0.6288 | Val Loss: 1.1895
2025-06-16 18:56:39,787 - INFO - Epoch [37/1000] LR: 0.010000 | Train Loss: 0.6148 | Val Loss: 1.1971
2025-06-16 18:56:39,789 - INFO - Epoch [38/1000] LR: 0.010000 | Train Loss: 0.5983 | Val Loss: 1.2005
2025-06-16 18:56:39,791 - INFO - Epoch [39/1000] LR: 0.010000 | Train Loss: 0.6038 | Val Loss: 1.1909
2025-06-16 18:56:39,793 - INFO - Epoch [40/1000] LR: 0.010000 | Train Loss: 0.5881 | Val Loss: 1.2365
2025-06-16 18:56:39,795 - INFO - Epoch [41/1000] LR: 0.010000 | Train Loss: 0.5832 | Val Loss: 1.2306
2025-06-16 18:56:39,797 - INFO - Epoch [42/1000] LR: 0.010000 | Train Loss: 0.5738 | Val Loss: 1.2350
2025-06-16 18:56:39,799 - INFO - Epoch [43/1000] LR: 0.010000 | Train Loss: 0.5585 | Val Loss: 1.2626
2025-06-16 18:56:39,801 - INFO - Epoch [44/1000] LR: 0.010000 | Train Loss: 0.5611 | Val Loss: 1.2733
2025-06-16 18:56:39,803 - INFO - Epoch [45/1000] LR: 0.010000 | Train Loss: 0.5361 | Val Loss: 1.2462
2025-06-16 18:56:39,805 - INFO - Epoch [46/1000] LR: 0.010000 | Train Loss: 0.5326 | Val Loss: 1.2443
2025-06-16 18:56:39,809 - INFO - Epoch [47/1000] LR: 0.010000 | Train Loss: 0.5358 | Val Loss: 1.2622
2025-06-16 18:56:39,811 - INFO - Epoch [48/1000] LR: 0.010000 | Train Loss: 0.5211 | Val Loss: 1.3229
2025-06-16 18:56:39,814 - INFO - Epoch [49/1000] LR: 0.010000 | Train Loss: 0.5024 | Val Loss: 1.3057
2025-06-16 18:56:39,817 - INFO - Epoch [50/1000] LR: 0.010000 | Train Loss: 0.5147 | Val Loss: 1.2919
2025-06-16 18:56:39,820 - INFO - Epoch [51/1000] LR: 0.010000 | Train Loss: 0.4962 | Val Loss: 1.2853
2025-06-16 18:56:39,822 - INFO - Epoch [52/1000] LR: 0.010000 | Train Loss: 0.4799 | Val Loss: 1.3560
2025-06-16 18:56:39,825 - INFO - Epoch [53/1000] LR: 0.010000 | Train Loss: 0.4885 | Val Loss: 1.3069
2025-06-16 18:56:39,828 - INFO - Epoch [54/1000] LR: 0.010000 | Train Loss: 0.4857 | Val Loss: 1.3281
2025-06-16 18:56:39,830 - INFO - Epoch [55/1000] LR: 0.005000 | Train Loss: 0.4659 | Val Loss: 1.3511
2025-06-16 18:56:39,835 - INFO - Epoch [56/1000] LR: 0.005000 | Train Loss: 0.4445 | Val Loss: 1.3605
2025-06-16 18:56:39,838 - INFO - Epoch [57/1000] LR: 0.005000 | Train Loss: 0.4430 | Val Loss: 1.3598
2025-06-16 18:56:39,840 - INFO - Epoch [58/1000] LR: 0.005000 | Train Loss: 0.4417 | Val Loss: 1.3646
2025-06-16 18:56:39,843 - INFO - Epoch [59/1000] LR: 0.005000 | Train Loss: 0.4344 | Val Loss: 1.3599
2025-06-16 18:56:39,846 - INFO - Epoch [60/1000] LR: 0.005000 | Train Loss: 0.4223 | Val Loss: 1.3662
2025-06-16 18:56:39,849 - INFO - Epoch [61/1000] LR: 0.005000 | Train Loss: 0.4119 | Val Loss: 1.3740
2025-06-16 18:56:39,852 - INFO - Epoch [62/1000] LR: 0.005000 | Train Loss: 0.4188 | Val Loss: 1.3818
2025-06-16 18:56:39,855 - INFO - Epoch [63/1000] LR: 0.005000 | Train Loss: 0.4131 | Val Loss: 1.4015
2025-06-16 18:56:39,857 - INFO - Epoch [64/1000] LR: 0.005000 | Train Loss: 0.4008 | Val Loss: 1.4072
2025-06-16 18:56:39,859 - INFO - Epoch [65/1000] LR: 0.005000 | Train Loss: 0.4028 | Val Loss: 1.3965
2025-06-16 18:56:39,860 - INFO - Epoch [66/1000] LR: 0.005000 | Train Loss: 0.4003 | Val Loss: 1.4066
2025-06-16 18:56:39,862 - INFO - Epoch [67/1000] LR: 0.005000 | Train Loss: 0.3949 | Val Loss: 1.4141
2025-06-16 18:56:39,864 - INFO - Epoch [68/1000] LR: 0.005000 | Train Loss: 0.3925 | Val Loss: 1.4254
2025-06-16 18:56:39,867 - INFO - Epoch [69/1000] LR: 0.005000 | Train Loss: 0.3845 | Val Loss: 1.4313
2025-06-16 18:56:39,870 - INFO - Epoch [70/1000] LR: 0.005000 | Train Loss: 0.3908 | Val Loss: 1.4552
2025-06-16 18:56:39,872 - INFO - Epoch [71/1000] LR: 0.005000 | Train Loss: 0.3844 | Val Loss: 1.4480
2025-06-16 18:56:39,874 - INFO - Epoch [72/1000] LR: 0.005000 | Train Loss: 0.3809 | Val Loss: 1.4111
2025-06-16 18:56:39,876 - INFO - Epoch [73/1000] LR: 0.005000 | Train Loss: 0.3744 | Val Loss: 1.4332
2025-06-16 18:56:39,878 - INFO - Epoch [74/1000] LR: 0.005000 | Train Loss: 0.3715 | Val Loss: 1.4446
2025-06-16 18:56:39,880 - INFO - Epoch [75/1000] LR: 0.005000 | Train Loss: 0.3601 | Val Loss: 1.4509
2025-06-16 18:56:39,883 - INFO - Epoch [76/1000] LR: 0.005000 | Train Loss: 0.3644 | Val Loss: 1.4542
2025-06-16 18:56:39,885 - INFO - Epoch [77/1000] LR: 0.005000 | Train Loss: 0.3615 | Val Loss: 1.4790
2025-06-16 18:56:39,887 - INFO - Epoch [78/1000] LR: 0.005000 | Train Loss: 0.3645 | Val Loss: 1.4733
2025-06-16 18:56:39,891 - INFO - Epoch [79/1000] LR: 0.005000 | Train Loss: 0.3465 | Val Loss: 1.4538
2025-06-16 18:56:39,894 - INFO - Epoch [80/1000] LR: 0.005000 | Train Loss: 0.3480 | Val Loss: 1.5078
2025-06-16 18:56:39,896 - INFO - Epoch [81/1000] LR: 0.005000 | Train Loss: 0.3478 | Val Loss: 1.4857
2025-06-16 18:56:39,898 - INFO - Epoch [82/1000] LR: 0.005000 | Train Loss: 0.3394 | Val Loss: 1.4990
2025-06-16 18:56:39,901 - INFO - Epoch [83/1000] LR: 0.005000 | Train Loss: 0.3414 | Val Loss: 1.5117
2025-06-16 18:56:39,903 - INFO - Epoch [84/1000] LR: 0.005000 | Train Loss: 0.3390 | Val Loss: 1.5164
2025-06-16 18:56:39,905 - INFO - Epoch [85/1000] LR: 0.005000 | Train Loss: 0.3323 | Val Loss: 1.5126
2025-06-16 18:56:39,907 - INFO - Epoch [86/1000] LR: 0.005000 | Train Loss: 0.3268 | Val Loss: 1.5259
2025-06-16 18:56:39,909 - INFO - Epoch [87/1000] LR: 0.005000 | Train Loss: 0.3247 | Val Loss: 1.5068
2025-06-16 18:56:39,911 - INFO - Epoch [88/1000] LR: 0.005000 | Train Loss: 0.3250 | Val Loss: 1.4979
2025-06-16 18:56:39,913 - INFO - Epoch [89/1000] LR: 0.005000 | Train Loss: 0.3287 | Val Loss: 1.5478
2025-06-16 18:56:39,915 - INFO - Epoch [90/1000] LR: 0.005000 | Train Loss: 0.3227 | Val Loss: 1.5451
2025-06-16 18:56:39,918 - INFO - Epoch [91/1000] LR: 0.005000 | Train Loss: 0.3113 | Val Loss: 1.5385
2025-06-16 18:56:39,920 - INFO - Epoch [92/1000] LR: 0.005000 | Train Loss: 0.3183 | Val Loss: 1.5562
2025-06-16 18:56:39,922 - INFO - Epoch [93/1000] LR: 0.005000 | Train Loss: 0.2978 | Val Loss: 1.5540
2025-06-16 18:56:39,926 - INFO - Epoch [94/1000] LR: 0.005000 | Train Loss: 0.3147 | Val Loss: 1.5562
2025-06-16 18:56:39,928 - INFO - Epoch [95/1000] LR: 0.005000 | Train Loss: 0.3005 | Val Loss: 1.5147
2025-06-16 18:56:39,931 - INFO - Epoch [96/1000] LR: 0.005000 | Train Loss: 0.3011 | Val Loss: 1.5640
2025-06-16 18:56:39,932 - INFO - Epoch [97/1000] LR: 0.005000 | Train Loss: 0.2965 | Val Loss: 1.6197
2025-06-16 18:56:39,935 - INFO - Epoch [98/1000] LR: 0.005000 | Train Loss: 0.2902 | Val Loss: 1.5479
2025-06-16 18:56:39,937 - INFO - Epoch [99/1000] LR: 0.005000 | Train Loss: 0.2966 | Val Loss: 1.5716
2025-06-16 18:56:39,941 - INFO - Epoch [100/1000] LR: 0.005000 | Train Loss: 0.2836 | Val Loss: 1.5840
2025-06-16 18:56:39,944 - INFO - Epoch [101/1000] LR: 0.005000 | Train Loss: 0.2812 | Val Loss: 1.5886
2025-06-16 18:56:39,946 - INFO - Epoch [102/1000] LR: 0.005000 | Train Loss: 0.2863 | Val Loss: 1.5915
2025-06-16 18:56:39,948 - INFO - Epoch [103/1000] LR: 0.005000 | Train Loss: 0.2846 | Val Loss: 1.5846
2025-06-16 18:56:39,950 - INFO - Epoch [104/1000] LR: 0.005000 | Train Loss: 0.2719 | Val Loss: 1.6004
2025-06-16 18:56:39,952 - INFO - Epoch [105/1000] LR: 0.005000 | Train Loss: 0.2673 | Val Loss: 1.6311
2025-06-16 18:56:39,955 - INFO - Epoch [106/1000] LR: 0.002500 | Train Loss: 0.2704 | Val Loss: 1.6086
2025-06-16 18:56:39,957 - INFO - Epoch [107/1000] LR: 0.002500 | Train Loss: 0.2607 | Val Loss: 1.5939
2025-06-16 18:56:39,959 - INFO - Epoch [108/1000] LR: 0.002500 | Train Loss: 0.2574 | Val Loss: 1.6164
2025-06-16 18:56:39,962 - INFO - Epoch [109/1000] LR: 0.002500 | Train Loss: 0.2591 | Val Loss: 1.6071
2025-06-16 18:56:39,965 - INFO - Epoch [110/1000] LR: 0.002500 | Train Loss: 0.2518 | Val Loss: 1.5943
2025-06-16 18:56:39,967 - INFO - Epoch [111/1000] LR: 0.002500 | Train Loss: 0.2444 | Val Loss: 1.6152
2025-06-16 18:56:39,969 - INFO - Epoch [112/1000] LR: 0.002500 | Train Loss: 0.2493 | Val Loss: 1.6289
2025-06-16 18:56:39,973 - INFO - Epoch [113/1000] LR: 0.002500 | Train Loss: 0.2499 | Val Loss: 1.6195
2025-06-16 18:56:39,975 - INFO - Epoch [114/1000] LR: 0.002500 | Train Loss: 0.2462 | Val Loss: 1.6191
2025-06-16 18:56:39,977 - INFO - Epoch [115/1000] LR: 0.002500 | Train Loss: 0.2344 | Val Loss: 1.6357
2025-06-16 18:56:39,979 - INFO - Epoch [116/1000] LR: 0.002500 | Train Loss: 0.2403 | Val Loss: 1.6320
2025-06-16 18:56:39,980 - INFO - Epoch [117/1000] LR: 0.002500 | Train Loss: 0.2369 | Val Loss: 1.6244
2025-06-16 18:56:39,983 - INFO - Epoch [118/1000] LR: 0.002500 | Train Loss: 0.2380 | Val Loss: 1.6376
2025-06-16 18:56:39,985 - INFO - Epoch [119/1000] LR: 0.002500 | Train Loss: 0.2359 | Val Loss: 1.6395
2025-06-16 18:56:39,988 - INFO - Epoch [120/1000] LR: 0.002500 | Train Loss: 0.2436 | Val Loss: 1.6364
2025-06-16 18:56:39,990 - INFO - Epoch [121/1000] LR: 0.002500 | Train Loss: 0.2344 | Val Loss: 1.6242
2025-06-16 18:56:39,992 - INFO - Epoch [122/1000] LR: 0.002500 | Train Loss: 0.2349 | Val Loss: 1.6466
2025-06-16 18:56:39,994 - INFO - Epoch [123/1000] LR: 0.002500 | Train Loss: 0.2398 | Val Loss: 1.6513
2025-06-16 18:56:39,996 - INFO - Epoch [124/1000] LR: 0.002500 | Train Loss: 0.2291 | Val Loss: 1.6446
2025-06-16 18:56:40,000 - INFO - Epoch [125/1000] LR: 0.002500 | Train Loss: 0.2307 | Val Loss: 1.6396
2025-06-16 18:56:40,002 - INFO - Epoch [126/1000] LR: 0.002500 | Train Loss: 0.2229 | Val Loss: 1.6396
2025-06-16 18:56:40,004 - INFO - Epoch [127/1000] LR: 0.002500 | Train Loss: 0.2370 | Val Loss: 1.6438
2025-06-16 18:56:40,006 - INFO - Epoch [128/1000] LR: 0.002500 | Train Loss: 0.2309 | Val Loss: 1.6539
2025-06-16 18:56:40,008 - INFO - Epoch [129/1000] LR: 0.002500 | Train Loss: 0.2185 | Val Loss: 1.6485
2025-06-16 18:56:40,010 - INFO - Epoch [130/1000] LR: 0.002500 | Train Loss: 0.2283 | Val Loss: 1.6524
2025-06-16 18:56:40,012 - INFO - Epoch [131/1000] LR: 0.002500 | Train Loss: 0.2171 | Val Loss: 1.6581
2025-06-16 18:56:40,014 - INFO - Epoch [132/1000] LR: 0.002500 | Train Loss: 0.2201 | Val Loss: 1.6444
2025-06-16 18:56:40,016 - INFO - Epoch [133/1000] LR: 0.002500 | Train Loss: 0.2208 | Val Loss: 1.6641
2025-06-16 18:56:40,018 - INFO - Epoch [134/1000] LR: 0.002500 | Train Loss: 0.2178 | Val Loss: 1.6669
2025-06-16 18:56:40,020 - INFO - Epoch [135/1000] LR: 0.002500 | Train Loss: 0.2178 | Val Loss: 1.6478
2025-06-16 18:56:40,022 - INFO - Epoch [136/1000] LR: 0.002500 | Train Loss: 0.2115 | Val Loss: 1.6712
2025-06-16 18:56:40,024 - INFO - Epoch [137/1000] LR: 0.002500 | Train Loss: 0.2248 | Val Loss: 1.6763
2025-06-16 18:56:40,027 - INFO - Epoch [138/1000] LR: 0.002500 | Train Loss: 0.2116 | Val Loss: 1.6535
2025-06-16 18:56:40,030 - INFO - Epoch [139/1000] LR: 0.002500 | Train Loss: 0.2228 | Val Loss: 1.6649
2025-06-16 18:56:40,032 - INFO - Epoch [140/1000] LR: 0.002500 | Train Loss: 0.2063 | Val Loss: 1.6741
2025-06-16 18:56:40,034 - INFO - Epoch [141/1000] LR: 0.002500 | Train Loss: 0.2091 | Val Loss: 1.6655
2025-06-16 18:56:40,036 - INFO - Epoch [142/1000] LR: 0.002500 | Train Loss: 0.2050 | Val Loss: 1.6654
2025-06-16 18:56:40,038 - INFO - Epoch [143/1000] LR: 0.002500 | Train Loss: 0.2081 | Val Loss: 1.6714
2025-06-16 18:56:40,040 - INFO - Epoch [144/1000] LR: 0.002500 | Train Loss: 0.2077 | Val Loss: 1.6633
2025-06-16 18:56:40,042 - INFO - Epoch [145/1000] LR: 0.002500 | Train Loss: 0.2096 | Val Loss: 1.6932
2025-06-16 18:56:40,044 - INFO - Epoch [146/1000] LR: 0.002500 | Train Loss: 0.2126 | Val Loss: 1.6929
2025-06-16 18:56:40,045 - INFO - Epoch [147/1000] LR: 0.002500 | Train Loss: 0.2060 | Val Loss: 1.6701
2025-06-16 18:56:40,048 - INFO - Epoch [148/1000] LR: 0.002500 | Train Loss: 0.2056 | Val Loss: 1.6771
2025-06-16 18:56:40,050 - INFO - Epoch [149/1000] LR: 0.002500 | Train Loss: 0.2023 | Val Loss: 1.6935
2025-06-16 18:56:40,052 - INFO - Epoch [150/1000] LR: 0.002500 | Train Loss: 0.2080 | Val Loss: 1.6809
2025-06-16 18:56:40,054 - INFO - Epoch [151/1000] LR: 0.002500 | Train Loss: 0.2002 | Val Loss: 1.6860
2025-06-16 18:56:40,056 - INFO - Epoch [152/1000] LR: 0.002500 | Train Loss: 0.2085 | Val Loss: 1.7029
2025-06-16 18:56:40,057 - INFO - Epoch [153/1000] LR: 0.002500 | Train Loss: 0.1960 | Val Loss: 1.7021
2025-06-16 18:56:40,059 - INFO - Epoch [154/1000] LR: 0.002500 | Train Loss: 0.2004 | Val Loss: 1.7056
2025-06-16 18:56:40,062 - INFO - Epoch [155/1000] LR: 0.002500 | Train Loss: 0.2017 | Val Loss: 1.7131
2025-06-16 18:56:40,064 - INFO - Epoch [156/1000] LR: 0.002500 | Train Loss: 0.1861 | Val Loss: 1.7050
2025-06-16 18:56:40,066 - INFO - Epoch [157/1000] LR: 0.001250 | Train Loss: 0.1955 | Val Loss: 1.7102
2025-06-16 18:56:40,068 - INFO - Epoch [158/1000] LR: 0.001250 | Train Loss: 0.1893 | Val Loss: 1.7210
2025-06-16 18:56:40,070 - INFO - Epoch [159/1000] LR: 0.001250 | Train Loss: 0.1862 | Val Loss: 1.7107
2025-06-16 18:56:40,072 - INFO - Epoch [160/1000] LR: 0.001250 | Train Loss: 0.1924 | Val Loss: 1.7034
2025-06-16 18:56:40,073 - INFO - Epoch [161/1000] LR: 0.001250 | Train Loss: 0.1931 | Val Loss: 1.7095
2025-06-16 18:56:40,075 - INFO - Epoch [162/1000] LR: 0.001250 | Train Loss: 0.1890 | Val Loss: 1.7161
2025-06-16 18:56:40,077 - INFO - Epoch [163/1000] LR: 0.001250 | Train Loss: 0.1886 | Val Loss: 1.7141
2025-06-16 18:56:40,079 - INFO - Epoch [164/1000] LR: 0.001250 | Train Loss: 0.1842 | Val Loss: 1.7129
2025-06-16 18:56:40,081 - INFO - Epoch [165/1000] LR: 0.001250 | Train Loss: 0.1906 | Val Loss: 1.7196
2025-06-16 18:56:40,083 - INFO - Epoch [166/1000] LR: 0.001250 | Train Loss: 0.1848 | Val Loss: 1.7244
2025-06-16 18:56:40,085 - INFO - Epoch [167/1000] LR: 0.001250 | Train Loss: 0.1864 | Val Loss: 1.7225
2025-06-16 18:56:40,087 - INFO - Epoch [168/1000] LR: 0.001250 | Train Loss: 0.1865 | Val Loss: 1.7169
2025-06-16 18:56:40,089 - INFO - Epoch [169/1000] LR: 0.001250 | Train Loss: 0.1826 | Val Loss: 1.7205
2025-06-16 18:56:40,091 - INFO - Epoch [170/1000] LR: 0.001250 | Train Loss: 0.1814 | Val Loss: 1.7302
2025-06-16 18:56:40,093 - INFO - Epoch [171/1000] LR: 0.001250 | Train Loss: 0.1784 | Val Loss: 1.7362
2025-06-16 18:56:40,095 - INFO - Epoch [172/1000] LR: 0.001250 | Train Loss: 0.1859 | Val Loss: 1.7345
2025-06-16 18:56:40,097 - INFO - Epoch [173/1000] LR: 0.001250 | Train Loss: 0.1800 | Val Loss: 1.7318
2025-06-16 18:56:40,099 - INFO - Epoch [174/1000] LR: 0.001250 | Train Loss: 0.1800 | Val Loss: 1.7358
2025-06-16 18:56:40,101 - INFO - Epoch [175/1000] LR: 0.001250 | Train Loss: 0.1857 | Val Loss: 1.7343
2025-06-16 18:56:40,103 - INFO - Epoch [176/1000] LR: 0.001250 | Train Loss: 0.1834 | Val Loss: 1.7359
2025-06-16 18:56:40,105 - INFO - Epoch [177/1000] LR: 0.001250 | Train Loss: 0.1801 | Val Loss: 1.7321
2025-06-16 18:56:40,106 - INFO - Epoch [178/1000] LR: 0.001250 | Train Loss: 0.1783 | Val Loss: 1.7342
2025-06-16 18:56:40,108 - INFO - Epoch [179/1000] LR: 0.001250 | Train Loss: 0.1786 | Val Loss: 1.7388
2025-06-16 18:56:40,110 - INFO - Epoch [180/1000] LR: 0.001250 | Train Loss: 0.1775 | Val Loss: 1.7441
2025-06-16 18:56:40,112 - INFO - Epoch [181/1000] LR: 0.001250 | Train Loss: 0.1804 | Val Loss: 1.7456
2025-06-16 18:56:40,114 - INFO - Epoch [182/1000] LR: 0.001250 | Train Loss: 0.1804 | Val Loss: 1.7429
2025-06-16 18:56:40,116 - INFO - Epoch [183/1000] LR: 0.001250 | Train Loss: 0.1725 | Val Loss: 1.7429
2025-06-16 18:56:40,118 - INFO - Epoch [184/1000] LR: 0.001250 | Train Loss: 0.1827 | Val Loss: 1.7461
2025-06-16 18:56:40,120 - INFO - Epoch [185/1000] LR: 0.001250 | Train Loss: 0.1693 | Val Loss: 1.7460
2025-06-16 18:56:40,122 - INFO - Epoch [186/1000] LR: 0.001250 | Train Loss: 0.1779 | Val Loss: 1.7499
2025-06-16 18:56:40,124 - INFO - Epoch [187/1000] LR: 0.001250 | Train Loss: 0.1807 | Val Loss: 1.7526
2025-06-16 18:56:40,126 - INFO - Epoch [188/1000] LR: 0.001250 | Train Loss: 0.1710 | Val Loss: 1.7509
2025-06-16 18:56:40,128 - INFO - Epoch [189/1000] LR: 0.001250 | Train Loss: 0.1701 | Val Loss: 1.7522
2025-06-16 18:56:40,130 - INFO - Epoch [190/1000] LR: 0.001250 | Train Loss: 0.1705 | Val Loss: 1.7532
2025-06-16 18:56:40,132 - INFO - Epoch [191/1000] LR: 0.001250 | Train Loss: 0.1734 | Val Loss: 1.7526
2025-06-16 18:56:40,134 - INFO - Epoch [192/1000] LR: 0.001250 | Train Loss: 0.1740 | Val Loss: 1.7507
2025-06-16 18:56:40,136 - INFO - Epoch [193/1000] LR: 0.001250 | Train Loss: 0.1780 | Val Loss: 1.7550
2025-06-16 18:56:40,138 - INFO - Epoch [194/1000] LR: 0.001250 | Train Loss: 0.1726 | Val Loss: 1.7604
2025-06-16 18:56:40,139 - INFO - Epoch [195/1000] LR: 0.001250 | Train Loss: 0.1686 | Val Loss: 1.7575
2025-06-16 18:56:40,141 - INFO - Epoch [196/1000] LR: 0.001250 | Train Loss: 0.1689 | Val Loss: 1.7633
2025-06-16 18:56:40,144 - INFO - Epoch [197/1000] LR: 0.001250 | Train Loss: 0.1653 | Val Loss: 1.7649
2025-06-16 18:56:40,146 - INFO - Epoch [198/1000] LR: 0.001250 | Train Loss: 0.1692 | Val Loss: 1.7686
2025-06-16 18:56:40,148 - INFO - Epoch [199/1000] LR: 0.001250 | Train Loss: 0.1689 | Val Loss: 1.7646
2025-06-16 18:56:40,149 - INFO - Epoch [200/1000] LR: 0.001250 | Train Loss: 0.1675 | Val Loss: 1.7655
2025-06-16 18:56:40,151 - INFO - Epoch [201/1000] LR: 0.001250 | Train Loss: 0.1695 | Val Loss: 1.7701
2025-06-16 18:56:40,154 - INFO - Epoch [202/1000] LR: 0.001250 | Train Loss: 0.1683 | Val Loss: 1.7664
2025-06-16 18:56:40,156 - INFO - Epoch [203/1000] LR: 0.001250 | Train Loss: 0.1676 | Val Loss: 1.7724
2025-06-16 18:56:40,158 - INFO - Epoch [204/1000] LR: 0.001250 | Train Loss: 0.1635 | Val Loss: 1.7740
2025-06-16 18:56:40,161 - INFO - Epoch [205/1000] LR: 0.001250 | Train Loss: 0.1612 | Val Loss: 1.7707
2025-06-16 18:56:40,163 - INFO - Epoch [206/1000] LR: 0.001250 | Train Loss: 0.1608 | Val Loss: 1.7713
2025-06-16 18:56:40,166 - INFO - Epoch [207/1000] LR: 0.001250 | Train Loss: 0.1627 | Val Loss: 1.7707
2025-06-16 18:56:40,168 - INFO - Epoch [208/1000] LR: 0.000625 | Train Loss: 0.1654 | Val Loss: 1.7706
2025-06-16 18:56:40,170 - INFO - Epoch [209/1000] LR: 0.000625 | Train Loss: 0.1641 | Val Loss: 1.7726
2025-06-16 18:56:40,172 - INFO - Epoch [210/1000] LR: 0.000625 | Train Loss: 0.1620 | Val Loss: 1.7760
2025-06-16 18:56:40,175 - INFO - Epoch [211/1000] LR: 0.000625 | Train Loss: 0.1660 | Val Loss: 1.7783
2025-06-16 18:56:40,177 - INFO - Epoch [212/1000] LR: 0.000625 | Train Loss: 0.1638 | Val Loss: 1.7787
2025-06-16 18:56:40,179 - INFO - Epoch [213/1000] LR: 0.000625 | Train Loss: 0.1657 | Val Loss: 1.7777
2025-06-16 18:56:40,181 - INFO - Epoch [214/1000] LR: 0.000625 | Train Loss: 0.1633 | Val Loss: 1.7762
2025-06-16 18:56:40,183 - INFO - Epoch [215/1000] LR: 0.000625 | Train Loss: 0.1602 | Val Loss: 1.7791
2025-06-16 18:56:40,185 - INFO - Epoch [216/1000] LR: 0.000625 | Train Loss: 0.1594 | Val Loss: 1.7836
2025-06-16 18:56:40,187 - INFO - Epoch [217/1000] LR: 0.000625 | Train Loss: 0.1611 | Val Loss: 1.7858
2025-06-16 18:56:40,189 - INFO - Epoch [218/1000] LR: 0.000625 | Train Loss: 0.1549 | Val Loss: 1.7850
2025-06-16 18:56:40,191 - INFO - Epoch [219/1000] LR: 0.000625 | Train Loss: 0.1576 | Val Loss: 1.7807
2025-06-16 18:56:40,192 - INFO - Epoch [220/1000] LR: 0.000625 | Train Loss: 0.1560 | Val Loss: 1.7794
2025-06-16 18:56:40,194 - INFO - Epoch [221/1000] LR: 0.000625 | Train Loss: 0.1604 | Val Loss: 1.7815
2025-06-16 18:56:40,196 - INFO - Epoch [222/1000] LR: 0.000625 | Train Loss: 0.1588 | Val Loss: 1.7838
2025-06-16 18:56:40,198 - INFO - Epoch [223/1000] LR: 0.000625 | Train Loss: 0.1553 | Val Loss: 1.7835
2025-06-16 18:56:40,200 - INFO - Epoch [224/1000] LR: 0.000625 | Train Loss: 0.1549 | Val Loss: 1.7881
2025-06-16 18:56:40,202 - INFO - Epoch [225/1000] LR: 0.000625 | Train Loss: 0.1678 | Val Loss: 1.7888
2025-06-16 18:56:40,204 - INFO - Epoch [226/1000] LR: 0.000625 | Train Loss: 0.1622 | Val Loss: 1.7849
2025-06-16 18:56:40,205 - INFO - Epoch [227/1000] LR: 0.000625 | Train Loss: 0.1557 | Val Loss: 1.7840
2025-06-16 18:56:40,208 - INFO - Epoch [228/1000] LR: 0.000625 | Train Loss: 0.1597 | Val Loss: 1.7846
2025-06-16 18:56:40,209 - INFO - Epoch [229/1000] LR: 0.000625 | Train Loss: 0.1527 | Val Loss: 1.7851
2025-06-16 18:56:40,211 - INFO - Epoch [230/1000] LR: 0.000625 | Train Loss: 0.1551 | Val Loss: 1.7886
2025-06-16 18:56:40,213 - INFO - Epoch [231/1000] LR: 0.000625 | Train Loss: 0.1588 | Val Loss: 1.7905
2025-06-16 18:56:40,215 - INFO - Epoch [232/1000] LR: 0.000625 | Train Loss: 0.1540 | Val Loss: 1.7925
2025-06-16 18:56:40,217 - INFO - Epoch [233/1000] LR: 0.000625 | Train Loss: 0.1607 | Val Loss: 1.7935
2025-06-16 18:56:40,219 - INFO - Epoch [234/1000] LR: 0.000625 | Train Loss: 0.1492 | Val Loss: 1.7921
2025-06-16 18:56:40,221 - INFO - Epoch [235/1000] LR: 0.000625 | Train Loss: 0.1592 | Val Loss: 1.7913
2025-06-16 18:56:40,223 - INFO - Epoch [236/1000] LR: 0.000625 | Train Loss: 0.1585 | Val Loss: 1.7933
2025-06-16 18:56:40,225 - INFO - Epoch [237/1000] LR: 0.000625 | Train Loss: 0.1560 | Val Loss: 1.7928
2025-06-16 18:56:40,227 - INFO - Epoch [238/1000] LR: 0.000625 | Train Loss: 0.1519 | Val Loss: 1.7911
2025-06-16 18:56:40,229 - INFO - Epoch [239/1000] LR: 0.000625 | Train Loss: 0.1561 | Val Loss: 1.7916
2025-06-16 18:56:40,231 - INFO - Epoch [240/1000] LR: 0.000625 | Train Loss: 0.1564 | Val Loss: 1.7924
2025-06-16 18:56:40,233 - INFO - Epoch [241/1000] LR: 0.000625 | Train Loss: 0.1545 | Val Loss: 1.7929
2025-06-16 18:56:40,235 - INFO - Epoch [242/1000] LR: 0.000625 | Train Loss: 0.1571 | Val Loss: 1.7959
2025-06-16 18:56:40,237 - INFO - Epoch [243/1000] LR: 0.000625 | Train Loss: 0.1565 | Val Loss: 1.7985
2025-06-16 18:56:40,240 - INFO - Epoch [244/1000] LR: 0.000625 | Train Loss: 0.1512 | Val Loss: 1.7948
2025-06-16 18:56:40,242 - INFO - Epoch [245/1000] LR: 0.000625 | Train Loss: 0.1561 | Val Loss: 1.7943
2025-06-16 18:56:40,243 - INFO - Epoch [246/1000] LR: 0.000625 | Train Loss: 0.1525 | Val Loss: 1.7953
2025-06-16 18:56:40,245 - INFO - Epoch [247/1000] LR: 0.000625 | Train Loss: 0.1528 | Val Loss: 1.7958
2025-06-16 18:56:40,247 - INFO - Epoch [248/1000] LR: 0.000625 | Train Loss: 0.1554 | Val Loss: 1.7987
2025-06-16 18:56:40,251 - INFO - Epoch [249/1000] LR: 0.000625 | Train Loss: 0.1533 | Val Loss: 1.7976
2025-06-16 18:56:40,253 - INFO - Epoch [250/1000] LR: 0.000625 | Train Loss: 0.1533 | Val Loss: 1.8008
2025-06-16 18:56:40,255 - INFO - Epoch [251/1000] LR: 0.000625 | Train Loss: 0.1579 | Val Loss: 1.8062
2025-06-16 18:56:40,257 - INFO - Epoch [252/1000] LR: 0.000625 | Train Loss: 0.1497 | Val Loss: 1.8054
2025-06-16 18:56:40,258 - INFO - Epoch [253/1000] LR: 0.000625 | Train Loss: 0.1497 | Val Loss: 1.8005
2025-06-16 18:56:40,260 - INFO - Epoch [254/1000] LR: 0.000625 | Train Loss: 0.1509 | Val Loss: 1.8015
2025-06-16 18:56:40,263 - INFO - Epoch [255/1000] LR: 0.000625 | Train Loss: 0.1574 | Val Loss: 1.8038
2025-06-16 18:56:40,265 - INFO - Epoch [256/1000] LR: 0.000625 | Train Loss: 0.1605 | Val Loss: 1.8065
2025-06-16 18:56:40,267 - INFO - Epoch [257/1000] LR: 0.000625 | Train Loss: 0.1509 | Val Loss: 1.8056
2025-06-16 18:56:40,269 - INFO - Epoch [258/1000] LR: 0.000625 | Train Loss: 0.1531 | Val Loss: 1.8063
2025-06-16 18:56:40,271 - INFO - Epoch [259/1000] LR: 0.000313 | Train Loss: 0.1451 | Val Loss: 1.8066
2025-06-16 18:56:40,273 - INFO - Epoch [260/1000] LR: 0.000313 | Train Loss: 0.1461 | Val Loss: 1.8070
2025-06-16 18:56:40,275 - INFO - Epoch [261/1000] LR: 0.000313 | Train Loss: 0.1481 | Val Loss: 1.8062
2025-06-16 18:56:40,276 - INFO - Epoch [262/1000] LR: 0.000313 | Train Loss: 0.1515 | Val Loss: 1.8060
2025-06-16 18:56:40,278 - INFO - Epoch [263/1000] LR: 0.000313 | Train Loss: 0.1516 | Val Loss: 1.8051
2025-06-16 18:56:40,280 - INFO - Epoch [264/1000] LR: 0.000313 | Train Loss: 0.1482 | Val Loss: 1.8078
2025-06-16 18:56:40,282 - INFO - Epoch [265/1000] LR: 0.000313 | Train Loss: 0.1451 | Val Loss: 1.8101
2025-06-16 18:56:40,284 - INFO - Epoch [266/1000] LR: 0.000313 | Train Loss: 0.1448 | Val Loss: 1.8117
2025-06-16 18:56:40,286 - INFO - Epoch [267/1000] LR: 0.000313 | Train Loss: 0.1458 | Val Loss: 1.8103
2025-06-16 18:56:40,287 - INFO - Epoch [268/1000] LR: 0.000313 | Train Loss: 0.1470 | Val Loss: 1.8090
2025-06-16 18:56:40,290 - INFO - Epoch [269/1000] LR: 0.000313 | Train Loss: 0.1493 | Val Loss: 1.8086
2025-06-16 18:56:40,291 - INFO - Epoch [270/1000] LR: 0.000313 | Train Loss: 0.1405 | Val Loss: 1.8093
2025-06-16 18:56:40,293 - INFO - Epoch [271/1000] LR: 0.000313 | Train Loss: 0.1536 | Val Loss: 1.8115
2025-06-16 18:56:40,295 - INFO - Epoch [272/1000] LR: 0.000313 | Train Loss: 0.1494 | Val Loss: 1.8123
2025-06-16 18:56:40,297 - INFO - Epoch [273/1000] LR: 0.000313 | Train Loss: 0.1509 | Val Loss: 1.8129
2025-06-16 18:56:40,299 - INFO - Epoch [274/1000] LR: 0.000313 | Train Loss: 0.1458 | Val Loss: 1.8140
2025-06-16 18:56:40,301 - INFO - Epoch [275/1000] LR: 0.000313 | Train Loss: 0.1488 | Val Loss: 1.8151
2025-06-16 18:56:40,303 - INFO - Epoch [276/1000] LR: 0.000313 | Train Loss: 0.1442 | Val Loss: 1.8167
2025-06-16 18:56:40,305 - INFO - Epoch [277/1000] LR: 0.000313 | Train Loss: 0.1489 | Val Loss: 1.8177
2025-06-16 18:56:40,306 - INFO - Epoch [278/1000] LR: 0.000313 | Train Loss: 0.1477 | Val Loss: 1.8171
2025-06-16 18:56:40,308 - INFO - Epoch [279/1000] LR: 0.000313 | Train Loss: 0.1427 | Val Loss: 1.8157
2025-06-16 18:56:40,310 - INFO - Epoch [280/1000] LR: 0.000313 | Train Loss: 0.1453 | Val Loss: 1.8153
2025-06-16 18:56:40,312 - INFO - Epoch [281/1000] LR: 0.000313 | Train Loss: 0.1449 | Val Loss: 1.8157
2025-06-16 18:56:40,314 - INFO - Epoch [282/1000] LR: 0.000313 | Train Loss: 0.1513 | Val Loss: 1.8169
2025-06-16 18:56:40,315 - INFO - Epoch [283/1000] LR: 0.000313 | Train Loss: 0.1449 | Val Loss: 1.8186
2025-06-16 18:56:40,317 - INFO - Epoch [284/1000] LR: 0.000313 | Train Loss: 0.1426 | Val Loss: 1.8178
2025-06-16 18:56:40,319 - INFO - Epoch [285/1000] LR: 0.000313 | Train Loss: 0.1431 | Val Loss: 1.8163
2025-06-16 18:56:40,321 - INFO - Epoch [286/1000] LR: 0.000313 | Train Loss: 0.1468 | Val Loss: 1.8161
2025-06-16 18:56:40,323 - INFO - Epoch [287/1000] LR: 0.000313 | Train Loss: 0.1475 | Val Loss: 1.8167
2025-06-16 18:56:40,325 - INFO - Epoch [288/1000] LR: 0.000313 | Train Loss: 0.1505 | Val Loss: 1.8175
2025-06-16 18:56:40,326 - INFO - Epoch [289/1000] LR: 0.000313 | Train Loss: 0.1435 | Val Loss: 1.8181
2025-06-16 18:56:40,329 - INFO - Epoch [290/1000] LR: 0.000313 | Train Loss: 0.1428 | Val Loss: 1.8180
2025-06-16 18:56:40,330 - INFO - Epoch [291/1000] LR: 0.000313 | Train Loss: 0.1486 | Val Loss: 1.8175
2025-06-16 18:56:40,332 - INFO - Epoch [292/1000] LR: 0.000313 | Train Loss: 0.1461 | Val Loss: 1.8170
2025-06-16 18:56:40,334 - INFO - Epoch [293/1000] LR: 0.000313 | Train Loss: 0.1482 | Val Loss: 1.8167
2025-06-16 18:56:40,336 - INFO - Epoch [294/1000] LR: 0.000313 | Train Loss: 0.1488 | Val Loss: 1.8181
2025-06-16 18:56:40,338 - INFO - Epoch [295/1000] LR: 0.000313 | Train Loss: 0.1502 | Val Loss: 1.8207
2025-06-16 18:56:40,340 - INFO - Epoch [296/1000] LR: 0.000313 | Train Loss: 0.1501 | Val Loss: 1.8223
2025-06-16 18:56:40,342 - INFO - Epoch [297/1000] LR: 0.000313 | Train Loss: 0.1447 | Val Loss: 1.8218
2025-06-16 18:56:40,344 - INFO - Epoch [298/1000] LR: 0.000313 | Train Loss: 0.1433 | Val Loss: 1.8204
2025-06-16 18:56:40,346 - INFO - Epoch [299/1000] LR: 0.000313 | Train Loss: 0.1441 | Val Loss: 1.8205
2025-06-16 18:56:40,347 - INFO - Epoch [300/1000] LR: 0.000313 | Train Loss: 0.1484 | Val Loss: 1.8210
2025-06-16 18:56:40,349 - INFO - Epoch [301/1000] LR: 0.000313 | Train Loss: 0.1467 | Val Loss: 1.8211
2025-06-16 18:56:40,351 - INFO - Epoch [302/1000] LR: 0.000313 | Train Loss: 0.1444 | Val Loss: 1.8210
2025-06-16 18:56:40,353 - INFO - Epoch [303/1000] LR: 0.000313 | Train Loss: 0.1434 | Val Loss: 1.8226
2025-06-16 18:56:40,355 - INFO - Epoch [304/1000] LR: 0.000313 | Train Loss: 0.1434 | Val Loss: 1.8237
2025-06-16 18:56:40,359 - INFO - Epoch [305/1000] LR: 0.000313 | Train Loss: 0.1479 | Val Loss: 1.8249
2025-06-16 18:56:40,361 - INFO - Epoch [306/1000] LR: 0.000313 | Train Loss: 0.1469 | Val Loss: 1.8247
2025-06-16 18:56:40,363 - INFO - Epoch [307/1000] LR: 0.000313 | Train Loss: 0.1507 | Val Loss: 1.8222
2025-06-16 18:56:40,365 - INFO - Epoch [308/1000] LR: 0.000313 | Train Loss: 0.1399 | Val Loss: 1.8220
2025-06-16 18:56:40,367 - INFO - Epoch [309/1000] LR: 0.000313 | Train Loss: 0.1416 | Val Loss: 1.8235
2025-06-16 18:56:40,369 - INFO - Epoch [310/1000] LR: 0.000156 | Train Loss: 0.1372 | Val Loss: 1.8251
2025-06-16 18:56:40,371 - INFO - Epoch [311/1000] LR: 0.000156 | Train Loss: 0.1453 | Val Loss: 1.8255
2025-06-16 18:56:40,373 - INFO - Epoch [312/1000] LR: 0.000156 | Train Loss: 0.1379 | Val Loss: 1.8255
2025-06-16 18:56:40,375 - INFO - Epoch [313/1000] LR: 0.000156 | Train Loss: 0.1468 | Val Loss: 1.8251
2025-06-16 18:56:40,376 - INFO - Epoch [314/1000] LR: 0.000156 | Train Loss: 0.1388 | Val Loss: 1.8253
2025-06-16 18:56:40,378 - INFO - Epoch [315/1000] LR: 0.000156 | Train Loss: 0.1424 | Val Loss: 1.8262
2025-06-16 18:56:40,380 - INFO - Epoch [316/1000] LR: 0.000156 | Train Loss: 0.1405 | Val Loss: 1.8264
2025-06-16 18:56:40,382 - INFO - Epoch [317/1000] LR: 0.000156 | Train Loss: 0.1407 | Val Loss: 1.8262
2025-06-16 18:56:40,384 - INFO - Epoch [318/1000] LR: 0.000156 | Train Loss: 0.1383 | Val Loss: 1.8262
2025-06-16 18:56:40,386 - INFO - Epoch [319/1000] LR: 0.000156 | Train Loss: 0.1436 | Val Loss: 1.8264
2025-06-16 18:56:40,387 - INFO - Epoch [320/1000] LR: 0.000156 | Train Loss: 0.1394 | Val Loss: 1.8263
2025-06-16 18:56:40,389 - INFO - Epoch [321/1000] LR: 0.000156 | Train Loss: 0.1493 | Val Loss: 1.8261
2025-06-16 18:56:40,391 - INFO - Epoch [322/1000] LR: 0.000156 | Train Loss: 0.1418 | Val Loss: 1.8261
2025-06-16 18:56:40,393 - INFO - Epoch [323/1000] LR: 0.000156 | Train Loss: 0.1409 | Val Loss: 1.8268
2025-06-16 18:56:40,395 - INFO - Epoch [324/1000] LR: 0.000156 | Train Loss: 0.1431 | Val Loss: 1.8276
2025-06-16 18:56:40,397 - INFO - Epoch [325/1000] LR: 0.000156 | Train Loss: 0.1418 | Val Loss: 1.8279
2025-06-16 18:56:40,399 - INFO - Epoch [326/1000] LR: 0.000156 | Train Loss: 0.1424 | Val Loss: 1.8286
2025-06-16 18:56:40,400 - INFO - Epoch [327/1000] LR: 0.000156 | Train Loss: 0.1418 | Val Loss: 1.8293
2025-06-16 18:56:40,402 - INFO - Epoch [328/1000] LR: 0.000156 | Train Loss: 0.1436 | Val Loss: 1.8287
2025-06-16 18:56:40,404 - INFO - Epoch [329/1000] LR: 0.000156 | Train Loss: 0.1466 | Val Loss: 1.8285
2025-06-16 18:56:40,406 - INFO - Epoch [330/1000] LR: 0.000156 | Train Loss: 0.1453 | Val Loss: 1.8285
2025-06-16 18:56:40,408 - INFO - Epoch [331/1000] LR: 0.000156 | Train Loss: 0.1461 | Val Loss: 1.8294
2025-06-16 18:56:40,410 - INFO - Epoch [332/1000] LR: 0.000156 | Train Loss: 0.1454 | Val Loss: 1.8303
2025-06-16 18:56:40,412 - INFO - Epoch [333/1000] LR: 0.000156 | Train Loss: 0.1391 | Val Loss: 1.8309
2025-06-16 18:56:40,414 - INFO - Epoch [334/1000] LR: 0.000156 | Train Loss: 0.1458 | Val Loss: 1.8308
2025-06-16 18:56:40,415 - INFO - Epoch [335/1000] LR: 0.000156 | Train Loss: 0.1433 | Val Loss: 1.8304
2025-06-16 18:56:40,417 - INFO - Epoch [336/1000] LR: 0.000156 | Train Loss: 0.1429 | Val Loss: 1.8298
2025-06-16 18:56:40,419 - INFO - Epoch [337/1000] LR: 0.000156 | Train Loss: 0.1469 | Val Loss: 1.8292
2025-06-16 18:56:40,421 - INFO - Epoch [338/1000] LR: 0.000156 | Train Loss: 0.1411 | Val Loss: 1.8299
2025-06-16 18:56:40,423 - INFO - Epoch [339/1000] LR: 0.000156 | Train Loss: 0.1421 | Val Loss: 1.8306
2025-06-16 18:56:40,425 - INFO - Epoch [340/1000] LR: 0.000156 | Train Loss: 0.1452 | Val Loss: 1.8311
2025-06-16 18:56:40,427 - INFO - Epoch [341/1000] LR: 0.000156 | Train Loss: 0.1410 | Val Loss: 1.8307
2025-06-16 18:56:40,429 - INFO - Epoch [342/1000] LR: 0.000156 | Train Loss: 0.1465 | Val Loss: 1.8304
2025-06-16 18:56:40,431 - INFO - Epoch [343/1000] LR: 0.000156 | Train Loss: 0.1419 | Val Loss: 1.8304
2025-06-16 18:56:40,433 - INFO - Epoch [344/1000] LR: 0.000156 | Train Loss: 0.1409 | Val Loss: 1.8310
2025-06-16 18:56:40,435 - INFO - Epoch [345/1000] LR: 0.000156 | Train Loss: 0.1470 | Val Loss: 1.8308
2025-06-16 18:56:40,437 - INFO - Epoch [346/1000] LR: 0.000156 | Train Loss: 0.1387 | Val Loss: 1.8302
2025-06-16 18:56:40,439 - INFO - Epoch [347/1000] LR: 0.000156 | Train Loss: 0.1370 | Val Loss: 1.8299
2025-06-16 18:56:40,441 - INFO - Epoch [348/1000] LR: 0.000156 | Train Loss: 0.1421 | Val Loss: 1.8306
2025-06-16 18:56:40,443 - INFO - Epoch [349/1000] LR: 0.000156 | Train Loss: 0.1407 | Val Loss: 1.8313
2025-06-16 18:56:40,445 - INFO - Epoch [350/1000] LR: 0.000156 | Train Loss: 0.1398 | Val Loss: 1.8316
2025-06-16 18:56:40,447 - INFO - Epoch [351/1000] LR: 0.000156 | Train Loss: 0.1401 | Val Loss: 1.8320
2025-06-16 18:56:40,449 - INFO - Epoch [352/1000] LR: 0.000156 | Train Loss: 0.1438 | Val Loss: 1.8324
2025-06-16 18:56:40,450 - INFO - Epoch [353/1000] LR: 0.000156 | Train Loss: 0.1391 | Val Loss: 1.8322
2025-06-16 18:56:40,452 - INFO - Epoch [354/1000] LR: 0.000156 | Train Loss: 0.1359 | Val Loss: 1.8317
2025-06-16 18:56:40,454 - INFO - Epoch [355/1000] LR: 0.000156 | Train Loss: 0.1394 | Val Loss: 1.8314
2025-06-16 18:56:40,457 - INFO - Epoch [356/1000] LR: 0.000156 | Train Loss: 0.1416 | Val Loss: 1.8321
2025-06-16 18:56:40,459 - INFO - Epoch [357/1000] LR: 0.000156 | Train Loss: 0.1414 | Val Loss: 1.8331
2025-06-16 18:56:40,461 - INFO - Epoch [358/1000] LR: 0.000156 | Train Loss: 0.1387 | Val Loss: 1.8335
2025-06-16 18:56:40,462 - INFO - Epoch [359/1000] LR: 0.000156 | Train Loss: 0.1430 | Val Loss: 1.8337
2025-06-16 18:56:40,464 - INFO - Epoch [360/1000] LR: 0.000156 | Train Loss: 0.1344 | Val Loss: 1.8341
2025-06-16 18:56:40,466 - INFO - Epoch [361/1000] LR: 0.000078 | Train Loss: 0.1409 | Val Loss: 1.8343
2025-06-16 18:56:40,468 - INFO - Epoch [362/1000] LR: 0.000078 | Train Loss: 0.1446 | Val Loss: 1.8346
2025-06-16 18:56:40,470 - INFO - Epoch [363/1000] LR: 0.000078 | Train Loss: 0.1382 | Val Loss: 1.8351
2025-06-16 18:56:40,471 - INFO - Epoch [364/1000] LR: 0.000078 | Train Loss: 0.1372 | Val Loss: 1.8352
2025-06-16 18:56:40,473 - INFO - Epoch [365/1000] LR: 0.000078 | Train Loss: 0.1416 | Val Loss: 1.8358
2025-06-16 18:56:40,475 - INFO - Epoch [366/1000] LR: 0.000078 | Train Loss: 0.1370 | Val Loss: 1.8365
2025-06-16 18:56:40,477 - INFO - Epoch [367/1000] LR: 0.000078 | Train Loss: 0.1347 | Val Loss: 1.8367
2025-06-16 18:56:40,479 - INFO - Epoch [368/1000] LR: 0.000078 | Train Loss: 0.1390 | Val Loss: 1.8368
2025-06-16 18:56:40,482 - INFO - Epoch [369/1000] LR: 0.000078 | Train Loss: 0.1418 | Val Loss: 1.8367
2025-06-16 18:56:40,483 - INFO - Epoch [370/1000] LR: 0.000078 | Train Loss: 0.1440 | Val Loss: 1.8364
2025-06-16 18:56:40,485 - INFO - Epoch [371/1000] LR: 0.000078 | Train Loss: 0.1382 | Val Loss: 1.8361
2025-06-16 18:56:40,487 - INFO - Epoch [372/1000] LR: 0.000078 | Train Loss: 0.1389 | Val Loss: 1.8360
2025-06-16 18:56:40,489 - INFO - Epoch [373/1000] LR: 0.000078 | Train Loss: 0.1371 | Val Loss: 1.8359
2025-06-16 18:56:40,491 - INFO - Epoch [374/1000] LR: 0.000078 | Train Loss: 0.1401 | Val Loss: 1.8359
2025-06-16 18:56:40,492 - INFO - Epoch [375/1000] LR: 0.000078 | Train Loss: 0.1456 | Val Loss: 1.8358
2025-06-16 18:56:40,494 - INFO - Epoch [376/1000] LR: 0.000078 | Train Loss: 0.1421 | Val Loss: 1.8357
2025-06-16 18:56:40,496 - INFO - Epoch [377/1000] LR: 0.000078 | Train Loss: 0.1366 | Val Loss: 1.8359
2025-06-16 18:56:40,498 - INFO - Epoch [378/1000] LR: 0.000078 | Train Loss: 0.1392 | Val Loss: 1.8362
2025-06-16 18:56:40,499 - INFO - Epoch [379/1000] LR: 0.000078 | Train Loss: 0.1407 | Val Loss: 1.8366
2025-06-16 18:56:40,501 - INFO - Epoch [380/1000] LR: 0.000078 | Train Loss: 0.1407 | Val Loss: 1.8369
2025-06-16 18:56:40,503 - INFO - Epoch [381/1000] LR: 0.000078 | Train Loss: 0.1375 | Val Loss: 1.8370
2025-06-16 18:56:40,505 - INFO - Epoch [382/1000] LR: 0.000078 | Train Loss: 0.1371 | Val Loss: 1.8371
2025-06-16 18:56:40,507 - INFO - Epoch [383/1000] LR: 0.000078 | Train Loss: 0.1468 | Val Loss: 1.8369
2025-06-16 18:56:40,509 - INFO - Epoch [384/1000] LR: 0.000078 | Train Loss: 0.1415 | Val Loss: 1.8372
2025-06-16 18:56:40,510 - INFO - Epoch [385/1000] LR: 0.000078 | Train Loss: 0.1394 | Val Loss: 1.8374
2025-06-16 18:56:40,512 - INFO - Epoch [386/1000] LR: 0.000078 | Train Loss: 0.1415 | Val Loss: 1.8377
2025-06-16 18:56:40,514 - INFO - Epoch [387/1000] LR: 0.000078 | Train Loss: 0.1411 | Val Loss: 1.8377
2025-06-16 18:56:40,516 - INFO - Epoch [388/1000] LR: 0.000078 | Train Loss: 0.1363 | Val Loss: 1.8380
2025-06-16 18:56:40,518 - INFO - Epoch [389/1000] LR: 0.000078 | Train Loss: 0.1403 | Val Loss: 1.8381
2025-06-16 18:56:40,519 - INFO - Epoch [390/1000] LR: 0.000078 | Train Loss: 0.1387 | Val Loss: 1.8380
2025-06-16 18:56:40,521 - INFO - Epoch [391/1000] LR: 0.000078 | Train Loss: 0.1399 | Val Loss: 1.8376
2025-06-16 18:56:40,523 - INFO - Epoch [392/1000] LR: 0.000078 | Train Loss: 0.1386 | Val Loss: 1.8376
2025-06-16 18:56:40,525 - INFO - Epoch [393/1000] LR: 0.000078 | Train Loss: 0.1423 | Val Loss: 1.8381
2025-06-16 18:56:40,527 - INFO - Epoch [394/1000] LR: 0.000078 | Train Loss: 0.1390 | Val Loss: 1.8379
2025-06-16 18:56:40,528 - INFO - Epoch [395/1000] LR: 0.000078 | Train Loss: 0.1403 | Val Loss: 1.8374
2025-06-16 18:56:40,531 - INFO - Epoch [396/1000] LR: 0.000078 | Train Loss: 0.1396 | Val Loss: 1.8376
2025-06-16 18:56:40,533 - INFO - Epoch [397/1000] LR: 0.000078 | Train Loss: 0.1427 | Val Loss: 1.8379
2025-06-16 18:56:40,535 - INFO - Epoch [398/1000] LR: 0.000078 | Train Loss: 0.1416 | Val Loss: 1.8382
2025-06-16 18:56:40,537 - INFO - Epoch [399/1000] LR: 0.000078 | Train Loss: 0.1416 | Val Loss: 1.8384
2025-06-16 18:56:40,538 - INFO - Epoch [400/1000] LR: 0.000078 | Train Loss: 0.1444 | Val Loss: 1.8380
2025-06-16 18:56:40,540 - INFO - Epoch [401/1000] LR: 0.000078 | Train Loss: 0.1399 | Val Loss: 1.8379
2025-06-16 18:56:40,542 - INFO - Epoch [402/1000] LR: 0.000078 | Train Loss: 0.1430 | Val Loss: 1.8378
2025-06-16 18:56:40,544 - INFO - Epoch [403/1000] LR: 0.000078 | Train Loss: 0.1369 | Val Loss: 1.8384
2025-06-16 18:56:40,546 - INFO - Epoch [404/1000] LR: 0.000078 | Train Loss: 0.1395 | Val Loss: 1.8391
2025-06-16 18:56:40,547 - INFO - Epoch [405/1000] LR: 0.000078 | Train Loss: 0.1402 | Val Loss: 1.8394
2025-06-16 18:56:40,549 - INFO - Epoch [406/1000] LR: 0.000078 | Train Loss: 0.1445 | Val Loss: 1.8395
2025-06-16 18:56:40,551 - INFO - Epoch [407/1000] LR: 0.000078 | Train Loss: 0.1373 | Val Loss: 1.8395
2025-06-16 18:56:40,553 - INFO - Epoch [408/1000] LR: 0.000078 | Train Loss: 0.1340 | Val Loss: 1.8396
2025-06-16 18:56:40,555 - INFO - Epoch [409/1000] LR: 0.000078 | Train Loss: 0.1378 | Val Loss: 1.8397
2025-06-16 18:56:40,556 - INFO - Epoch [410/1000] LR: 0.000078 | Train Loss: 0.1414 | Val Loss: 1.8400
2025-06-16 18:56:40,560 - INFO - Epoch [411/1000] LR: 0.000078 | Train Loss: 0.1386 | Val Loss: 1.8404
2025-06-16 18:56:40,562 - INFO - Epoch [412/1000] LR: 0.000039 | Train Loss: 0.1370 | Val Loss: 1.8404
2025-06-16 18:56:40,564 - INFO - Epoch [413/1000] LR: 0.000039 | Train Loss: 0.1418 | Val Loss: 1.8403
2025-06-16 18:56:40,566 - INFO - Epoch [414/1000] LR: 0.000039 | Train Loss: 0.1416 | Val Loss: 1.8403
2025-06-16 18:56:40,568 - INFO - Epoch [415/1000] LR: 0.000039 | Train Loss: 0.1405 | Val Loss: 1.8402
2025-06-16 18:56:40,569 - INFO - Epoch [416/1000] LR: 0.000039 | Train Loss: 0.1409 | Val Loss: 1.8404
2025-06-16 18:56:40,572 - INFO - Epoch [417/1000] LR: 0.000039 | Train Loss: 0.1471 | Val Loss: 1.8407
2025-06-16 18:56:40,575 - INFO - Epoch [418/1000] LR: 0.000039 | Train Loss: 0.1396 | Val Loss: 1.8409
2025-06-16 18:56:40,577 - INFO - Epoch [419/1000] LR: 0.000039 | Train Loss: 0.1370 | Val Loss: 1.8408
2025-06-16 18:56:40,579 - INFO - Epoch [420/1000] LR: 0.000039 | Train Loss: 0.1367 | Val Loss: 1.8407
2025-06-16 18:56:40,581 - INFO - Epoch [421/1000] LR: 0.000039 | Train Loss: 0.1409 | Val Loss: 1.8409
2025-06-16 18:56:40,583 - INFO - Epoch [422/1000] LR: 0.000039 | Train Loss: 0.1366 | Val Loss: 1.8411
2025-06-16 18:56:40,585 - INFO - Epoch [423/1000] LR: 0.000039 | Train Loss: 0.1404 | Val Loss: 1.8412
2025-06-16 18:56:40,587 - INFO - Epoch [424/1000] LR: 0.000039 | Train Loss: 0.1384 | Val Loss: 1.8412
2025-06-16 18:56:40,589 - INFO - Epoch [425/1000] LR: 0.000039 | Train Loss: 0.1393 | Val Loss: 1.8411
2025-06-16 18:56:40,591 - INFO - Epoch [426/1000] LR: 0.000039 | Train Loss: 0.1382 | Val Loss: 1.8410
2025-06-16 18:56:40,593 - INFO - Epoch [427/1000] LR: 0.000039 | Train Loss: 0.1439 | Val Loss: 1.8410
2025-06-16 18:56:40,595 - INFO - Epoch [428/1000] LR: 0.000039 | Train Loss: 0.1422 | Val Loss: 1.8410
2025-06-16 18:56:40,597 - INFO - Epoch [429/1000] LR: 0.000039 | Train Loss: 0.1403 | Val Loss: 1.8412
2025-06-16 18:56:40,599 - INFO - Epoch [430/1000] LR: 0.000039 | Train Loss: 0.1409 | Val Loss: 1.8413
2025-06-16 18:56:40,601 - INFO - Epoch [431/1000] LR: 0.000039 | Train Loss: 0.1374 | Val Loss: 1.8415
2025-06-16 18:56:40,603 - INFO - Epoch [432/1000] LR: 0.000039 | Train Loss: 0.1380 | Val Loss: 1.8417
2025-06-16 18:56:40,605 - INFO - Epoch [433/1000] LR: 0.000039 | Train Loss: 0.1373 | Val Loss: 1.8418
2025-06-16 18:56:40,607 - INFO - Epoch [434/1000] LR: 0.000039 | Train Loss: 0.1424 | Val Loss: 1.8417
2025-06-16 18:56:40,609 - INFO - Epoch [435/1000] LR: 0.000039 | Train Loss: 0.1391 | Val Loss: 1.8415
2025-06-16 18:56:40,610 - INFO - Epoch [436/1000] LR: 0.000039 | Train Loss: 0.1365 | Val Loss: 1.8416
2025-06-16 18:56:40,613 - INFO - Epoch [437/1000] LR: 0.000039 | Train Loss: 0.1409 | Val Loss: 1.8416
2025-06-16 18:56:40,615 - INFO - Epoch [438/1000] LR: 0.000039 | Train Loss: 0.1406 | Val Loss: 1.8415
2025-06-16 18:56:40,617 - INFO - Epoch [439/1000] LR: 0.000039 | Train Loss: 0.1393 | Val Loss: 1.8414
2025-06-16 18:56:40,619 - INFO - Epoch [440/1000] LR: 0.000039 | Train Loss: 0.1357 | Val Loss: 1.8415
2025-06-16 18:56:40,620 - INFO - Epoch [441/1000] LR: 0.000039 | Train Loss: 0.1362 | Val Loss: 1.8416
2025-06-16 18:56:40,622 - INFO - Epoch [442/1000] LR: 0.000039 | Train Loss: 0.1392 | Val Loss: 1.8416
2025-06-16 18:56:40,624 - INFO - Epoch [443/1000] LR: 0.000039 | Train Loss: 0.1408 | Val Loss: 1.8415
2025-06-16 18:56:40,626 - INFO - Epoch [444/1000] LR: 0.000039 | Train Loss: 0.1344 | Val Loss: 1.8414
2025-06-16 18:56:40,628 - INFO - Epoch [445/1000] LR: 0.000039 | Train Loss: 0.1407 | Val Loss: 1.8413
2025-06-16 18:56:40,630 - INFO - Epoch [446/1000] LR: 0.000039 | Train Loss: 0.1421 | Val Loss: 1.8413
2025-06-16 18:56:40,632 - INFO - Epoch [447/1000] LR: 0.000039 | Train Loss: 0.1399 | Val Loss: 1.8413
2025-06-16 18:56:40,634 - INFO - Epoch [448/1000] LR: 0.000039 | Train Loss: 0.1369 | Val Loss: 1.8415
2025-06-16 18:56:40,636 - INFO - Epoch [449/1000] LR: 0.000039 | Train Loss: 0.1411 | Val Loss: 1.8418
2025-06-16 18:56:40,638 - INFO - Epoch [450/1000] LR: 0.000039 | Train Loss: 0.1387 | Val Loss: 1.8419
2025-06-16 18:56:40,640 - INFO - Epoch [451/1000] LR: 0.000039 | Train Loss: 0.1387 | Val Loss: 1.8420
2025-06-16 18:56:40,641 - INFO - Epoch [452/1000] LR: 0.000039 | Train Loss: 0.1453 | Val Loss: 1.8420
2025-06-16 18:56:40,643 - INFO - Epoch [453/1000] LR: 0.000039 | Train Loss: 0.1376 | Val Loss: 1.8420
2025-06-16 18:56:40,645 - INFO - Epoch [454/1000] LR: 0.000039 | Train Loss: 0.1402 | Val Loss: 1.8420
2025-06-16 18:56:40,647 - INFO - Epoch [455/1000] LR: 0.000039 | Train Loss: 0.1420 | Val Loss: 1.8420
2025-06-16 18:56:40,649 - INFO - Epoch [456/1000] LR: 0.000039 | Train Loss: 0.1338 | Val Loss: 1.8419
2025-06-16 18:56:40,650 - INFO - Epoch [457/1000] LR: 0.000039 | Train Loss: 0.1434 | Val Loss: 1.8415
2025-06-16 18:56:40,652 - INFO - Epoch [458/1000] LR: 0.000039 | Train Loss: 0.1367 | Val Loss: 1.8416
2025-06-16 18:56:40,654 - INFO - Epoch [459/1000] LR: 0.000039 | Train Loss: 0.1381 | Val Loss: 1.8416
2025-06-16 18:56:40,656 - INFO - Epoch [460/1000] LR: 0.000039 | Train Loss: 0.1370 | Val Loss: 1.8417
2025-06-16 18:56:40,658 - INFO - Epoch [461/1000] LR: 0.000039 | Train Loss: 0.1393 | Val Loss: 1.8419
2025-06-16 18:56:40,660 - INFO - Epoch [462/1000] LR: 0.000039 | Train Loss: 0.1403 | Val Loss: 1.8422
2025-06-16 18:56:40,662 - INFO - Epoch [463/1000] LR: 0.000020 | Train Loss: 0.1347 | Val Loss: 1.8423
2025-06-16 18:56:40,663 - INFO - Epoch [464/1000] LR: 0.000020 | Train Loss: 0.1334 | Val Loss: 1.8423
2025-06-16 18:56:40,665 - INFO - Epoch [465/1000] LR: 0.000020 | Train Loss: 0.1395 | Val Loss: 1.8423
2025-06-16 18:56:40,667 - INFO - Epoch [466/1000] LR: 0.000020 | Train Loss: 0.1380 | Val Loss: 1.8424
2025-06-16 18:56:40,669 - INFO - Epoch [467/1000] LR: 0.000020 | Train Loss: 0.1389 | Val Loss: 1.8424
2025-06-16 18:56:40,671 - INFO - Epoch [468/1000] LR: 0.000020 | Train Loss: 0.1414 | Val Loss: 1.8425
2025-06-16 18:56:40,673 - INFO - Epoch [469/1000] LR: 0.000020 | Train Loss: 0.1387 | Val Loss: 1.8425
2025-06-16 18:56:40,675 - INFO - Epoch [470/1000] LR: 0.000020 | Train Loss: 0.1380 | Val Loss: 1.8425
2025-06-16 18:56:40,677 - INFO - Epoch [471/1000] LR: 0.000020 | Train Loss: 0.1429 | Val Loss: 1.8426
2025-06-16 18:56:40,678 - INFO - Epoch [472/1000] LR: 0.000020 | Train Loss: 0.1406 | Val Loss: 1.8427
2025-06-16 18:56:40,680 - INFO - Epoch [473/1000] LR: 0.000020 | Train Loss: 0.1338 | Val Loss: 1.8427
2025-06-16 18:56:40,682 - INFO - Epoch [474/1000] LR: 0.000020 | Train Loss: 0.1359 | Val Loss: 1.8427
2025-06-16 18:56:40,684 - INFO - Epoch [475/1000] LR: 0.000020 | Train Loss: 0.1444 | Val Loss: 1.8427
2025-06-16 18:56:40,686 - INFO - Epoch [476/1000] LR: 0.000020 | Train Loss: 0.1349 | Val Loss: 1.8428
2025-06-16 18:56:40,688 - INFO - Epoch [477/1000] LR: 0.000020 | Train Loss: 0.1349 | Val Loss: 1.8427
2025-06-16 18:56:40,691 - INFO - Epoch [478/1000] LR: 0.000020 | Train Loss: 0.1409 | Val Loss: 1.8428
2025-06-16 18:56:40,693 - INFO - Epoch [479/1000] LR: 0.000020 | Train Loss: 0.1340 | Val Loss: 1.8428
2025-06-16 18:56:40,695 - INFO - Epoch [480/1000] LR: 0.000020 | Train Loss: 0.1360 | Val Loss: 1.8428
2025-06-16 18:56:40,696 - INFO - Epoch [481/1000] LR: 0.000020 | Train Loss: 0.1414 | Val Loss: 1.8427
2025-06-16 18:56:40,698 - INFO - Epoch [482/1000] LR: 0.000020 | Train Loss: 0.1345 | Val Loss: 1.8427
2025-06-16 18:56:40,700 - INFO - Epoch [483/1000] LR: 0.000020 | Train Loss: 0.1405 | Val Loss: 1.8428
2025-06-16 18:56:40,702 - INFO - Epoch [484/1000] LR: 0.000020 | Train Loss: 0.1360 | Val Loss: 1.8429
2025-06-16 18:56:40,705 - INFO - Epoch [485/1000] LR: 0.000020 | Train Loss: 0.1356 | Val Loss: 1.8430
2025-06-16 18:56:40,707 - INFO - Epoch [486/1000] LR: 0.000020 | Train Loss: 0.1438 | Val Loss: 1.8429
2025-06-16 18:56:40,709 - INFO - Epoch [487/1000] LR: 0.000020 | Train Loss: 0.1320 | Val Loss: 1.8429
2025-06-16 18:56:40,711 - INFO - Epoch [488/1000] LR: 0.000020 | Train Loss: 0.1344 | Val Loss: 1.8429
2025-06-16 18:56:40,714 - INFO - Epoch [489/1000] LR: 0.000020 | Train Loss: 0.1418 | Val Loss: 1.8430
2025-06-16 18:56:40,718 - INFO - Epoch [490/1000] LR: 0.000020 | Train Loss: 0.1383 | Val Loss: 1.8431
2025-06-16 18:56:40,720 - INFO - Epoch [491/1000] LR: 0.000020 | Train Loss: 0.1372 | Val Loss: 1.8432
2025-06-16 18:56:40,726 - INFO - Epoch [492/1000] LR: 0.000020 | Train Loss: 0.1309 | Val Loss: 1.8431
2025-06-16 18:56:40,728 - INFO - Epoch [493/1000] LR: 0.000020 | Train Loss: 0.1389 | Val Loss: 1.8431
2025-06-16 18:56:40,733 - INFO - Epoch [494/1000] LR: 0.000020 | Train Loss: 0.1429 | Val Loss: 1.8431
2025-06-16 18:56:40,735 - INFO - Epoch [495/1000] LR: 0.000020 | Train Loss: 0.1384 | Val Loss: 1.8430
2025-06-16 18:56:40,737 - INFO - Epoch [496/1000] LR: 0.000020 | Train Loss: 0.1339 | Val Loss: 1.8429
2025-06-16 18:56:40,743 - INFO - Epoch [497/1000] LR: 0.000020 | Train Loss: 0.1385 | Val Loss: 1.8429
2025-06-16 18:56:40,746 - INFO - Epoch [498/1000] LR: 0.000020 | Train Loss: 0.1384 | Val Loss: 1.8430
2025-06-16 18:56:40,750 - INFO - Epoch [499/1000] LR: 0.000020 | Train Loss: 0.1417 | Val Loss: 1.8430
2025-06-16 18:56:40,752 - INFO - Epoch [500/1000] LR: 0.000020 | Train Loss: 0.1375 | Val Loss: 1.8431
2025-06-16 18:56:40,754 - INFO - Epoch [501/1000] LR: 0.000020 | Train Loss: 0.1316 | Val Loss: 1.8431
2025-06-16 18:56:40,756 - INFO - Epoch [502/1000] LR: 0.000020 | Train Loss: 0.1379 | Val Loss: 1.8431
2025-06-16 18:56:40,758 - INFO - Epoch [503/1000] LR: 0.000020 | Train Loss: 0.1389 | Val Loss: 1.8432
2025-06-16 18:56:40,758 - INFO - Early stopping at epoch 503
